CRITICAL - 2023-08-02 22:18:56 --> fopen(D:\development\Proyectos\UPN212TEZ\evaldoc_linux\writable\session/ci_session51meqi9nh9997gdjpha8138jnrike772): Failed to open stream: Invalid argument
in SYSTEMPATH\Session\Handlers\FileHandler.php on line 128.
 1 [internal function]: CodeIgniter\Debug\Exceptions->errorHandler(2, 'fopen(D:\\development\\Proyectos\\UPN212TEZ\\evaldoc_linux\\writable\\session/ci_session51meqi9nh9997gdjpha8138jnrike772): Failed to open stream: Invalid argument', 'D:\\development\\Proyectos\\UPN212TEZ\\evaldoc_linux\\system\\Session\\Handlers\\FileHandler.php', 128)
 2 SYSTEMPATH\Session\Handlers\FileHandler.php(128): fopen('D:\\development\\Proyectos\\UPN212TEZ\\evaldoc_linux\\writable\\session/ci_session51meqi9nh9997gdjpha8138jnrike772', 'c+b')
 3 [internal function]: CodeIgniter\Session\Handlers\FileHandler->read('51meqi9nh9997gdjpha8138jnrike772')
 4 SYSTEMPATH\Session\Session.php(928): session_start()
 5 SYSTEMPATH\Session\Session.php(250): CodeIgniter\Session\Session->startSession()
 6 SYSTEMPATH\Config\Services.php(674): CodeIgniter\Session\Session->start()
 7 SYSTEMPATH\Config\BaseService.php(252): CodeIgniter\Config\Services::session(Object(Config\App), false)
 8 SYSTEMPATH\Config\BaseService.php(193): CodeIgniter\Config\BaseService::__callStatic('session', [...])
 9 SYSTEMPATH\Config\Services.php(641): CodeIgniter\Config\BaseService::getSharedInstance('session', null)
10 SYSTEMPATH\Config\BaseService.php(252): CodeIgniter\Config\Services::session()
11 SYSTEMPATH\Common.php(988): CodeIgniter\Config\BaseService::__callStatic('session', [])
12 APPPATH\Filters\Auth.php(28): session()
13 SYSTEMPATH\Filters\Filters.php(173): App\Filters\Auth->before(Object(CodeIgniter\HTTP\IncomingRequest), null)
14 SYSTEMPATH\CodeIgniter.php(473): CodeIgniter\Filters\Filters->run('admin', 'before')
15 SYSTEMPATH\CodeIgniter.php(368): CodeIgniter\CodeIgniter->handleRequest(null, Object(Config\Cache), false)
16 FCPATH\index.php(67): CodeIgniter\CodeIgniter->run()
17 SYSTEMPATH\Commands\Server\rewrite.php(47): require_once('D:\\development\\Proyectos\\UPN212TEZ\\evaldoc_linux\\public\\index.php')
CRITICAL - 2023-08-02 22:19:16 --> fopen(D:\development\Proyectos\UPN212TEZ\evaldoc_linux\writable\session/ci_session51meqi9nh9997gdjpha8138jnrike772): Failed to open stream: Invalid argument
in SYSTEMPATH\Session\Handlers\FileHandler.php on line 128.
 1 [internal function]: CodeIgniter\Debug\Exceptions->errorHandler(2, 'fopen(D:\\development\\Proyectos\\UPN212TEZ\\evaldoc_linux\\writable\\session/ci_session51meqi9nh9997gdjpha8138jnrike772): Failed to open stream: Invalid argument', 'D:\\development\\Proyectos\\UPN212TEZ\\evaldoc_linux\\system\\Session\\Handlers\\FileHandler.php', 128)
 2 SYSTEMPATH\Session\Handlers\FileHandler.php(128): fopen('D:\\development\\Proyectos\\UPN212TEZ\\evaldoc_linux\\writable\\session/ci_session51meqi9nh9997gdjpha8138jnrike772', 'c+b')
 3 [internal function]: CodeIgniter\Session\Handlers\FileHandler->read('51meqi9nh9997gdjpha8138jnrike772')
 4 SYSTEMPATH\Session\Session.php(928): session_start()
 5 SYSTEMPATH\Session\Session.php(250): CodeIgniter\Session\Session->startSession()
 6 SYSTEMPATH\Config\Services.php(674): CodeIgniter\Session\Session->start()
 7 SYSTEMPATH\Config\BaseService.php(252): CodeIgniter\Config\Services::session(Object(Config\App), false)
 8 SYSTEMPATH\Config\BaseService.php(193): CodeIgniter\Config\BaseService::__callStatic('session', [...])
 9 SYSTEMPATH\Config\Services.php(641): CodeIgniter\Config\BaseService::getSharedInstance('session', null)
10 SYSTEMPATH\Config\BaseService.php(252): CodeIgniter\Config\Services::session()
11 SYSTEMPATH\Common.php(988): CodeIgniter\Config\BaseService::__callStatic('session', [])
12 APPPATH\Filters\Auth.php(28): session()
13 SYSTEMPATH\Filters\Filters.php(173): App\Filters\Auth->before(Object(CodeIgniter\HTTP\IncomingRequest), null)
14 SYSTEMPATH\CodeIgniter.php(473): CodeIgniter\Filters\Filters->run('admin', 'before')
15 SYSTEMPATH\CodeIgniter.php(368): CodeIgniter\CodeIgniter->handleRequest(null, Object(Config\Cache), false)
16 FCPATH\index.php(67): CodeIgniter\CodeIgniter->run()
17 SYSTEMPATH\Commands\Server\rewrite.php(47): require_once('D:\\development\\Proyectos\\UPN212TEZ\\evaldoc_linux\\public\\index.php')
CRITICAL - 2023-08-02 22:19:21 --> fopen(D:\development\Proyectos\UPN212TEZ\evaldoc_linux\writable\session/ci_session51meqi9nh9997gdjpha8138jnrike772): Failed to open stream: Invalid argument
in SYSTEMPATH\Session\Handlers\FileHandler.php on line 128.
 1 [internal function]: CodeIgniter\Debug\Exceptions->errorHandler(2, 'fopen(D:\\development\\Proyectos\\UPN212TEZ\\evaldoc_linux\\writable\\session/ci_session51meqi9nh9997gdjpha8138jnrike772): Failed to open stream: Invalid argument', 'D:\\development\\Proyectos\\UPN212TEZ\\evaldoc_linux\\system\\Session\\Handlers\\FileHandler.php', 128)
 2 SYSTEMPATH\Session\Handlers\FileHandler.php(128): fopen('D:\\development\\Proyectos\\UPN212TEZ\\evaldoc_linux\\writable\\session/ci_session51meqi9nh9997gdjpha8138jnrike772', 'c+b')
 3 [internal function]: CodeIgniter\Session\Handlers\FileHandler->read('51meqi9nh9997gdjpha8138jnrike772')
 4 SYSTEMPATH\Session\Session.php(928): session_start()
 5 SYSTEMPATH\Session\Session.php(250): CodeIgniter\Session\Session->startSession()
 6 SYSTEMPATH\Config\Services.php(674): CodeIgniter\Session\Session->start()
 7 SYSTEMPATH\Config\BaseService.php(252): CodeIgniter\Config\Services::session(Object(Config\App), false)
 8 SYSTEMPATH\Config\BaseService.php(193): CodeIgniter\Config\BaseService::__callStatic('session', [...])
 9 SYSTEMPATH\Config\Services.php(641): CodeIgniter\Config\BaseService::getSharedInstance('session', null)
10 SYSTEMPATH\Config\BaseService.php(252): CodeIgniter\Config\Services::session()
11 SYSTEMPATH\Common.php(988): CodeIgniter\Config\BaseService::__callStatic('session', [])
12 APPPATH\Filters\Noauth.php(28): session()
13 SYSTEMPATH\Filters\Filters.php(173): App\Filters\Noauth->before(Object(CodeIgniter\HTTP\IncomingRequest), null)
14 SYSTEMPATH\CodeIgniter.php(473): CodeIgniter\Filters\Filters->run('login', 'before')
15 SYSTEMPATH\CodeIgniter.php(368): CodeIgniter\CodeIgniter->handleRequest(null, Object(Config\Cache), false)
16 FCPATH\index.php(67): CodeIgniter\CodeIgniter->run()
17 SYSTEMPATH\Commands\Server\rewrite.php(47): require_once('D:\\development\\Proyectos\\UPN212TEZ\\evaldoc_linux\\public\\index.php')
CRITICAL - 2023-08-02 22:22:52 --> fopen(D:\development\Proyectos\UPN212TEZ\evaldoc_linux\writable\session/ci_session51meqi9nh9997gdjpha8138jnrike772): Failed to open stream: Invalid argument
in SYSTEMPATH\Session\Handlers\FileHandler.php on line 128.
 1 [internal function]: CodeIgniter\Debug\Exceptions->errorHandler(2, 'fopen(D:\\development\\Proyectos\\UPN212TEZ\\evaldoc_linux\\writable\\session/ci_session51meqi9nh9997gdjpha8138jnrike772): Failed to open stream: Invalid argument', 'D:\\development\\Proyectos\\UPN212TEZ\\evaldoc_linux\\system\\Session\\Handlers\\FileHandler.php', 128)
 2 SYSTEMPATH\Session\Handlers\FileHandler.php(128): fopen('D:\\development\\Proyectos\\UPN212TEZ\\evaldoc_linux\\writable\\session/ci_session51meqi9nh9997gdjpha8138jnrike772', 'c+b')
 3 [internal function]: CodeIgniter\Session\Handlers\FileHandler->read('51meqi9nh9997gdjpha8138jnrike772')
 4 SYSTEMPATH\Session\Session.php(928): session_start()
 5 SYSTEMPATH\Session\Session.php(250): CodeIgniter\Session\Session->startSession()
 6 SYSTEMPATH\Config\Services.php(674): CodeIgniter\Session\Session->start()
 7 SYSTEMPATH\Config\BaseService.php(252): CodeIgniter\Config\Services::session(Object(Config\App), false)
 8 SYSTEMPATH\Config\BaseService.php(193): CodeIgniter\Config\BaseService::__callStatic('session', [...])
 9 SYSTEMPATH\Config\Services.php(641): CodeIgniter\Config\BaseService::getSharedInstance('session', null)
10 SYSTEMPATH\Config\BaseService.php(252): CodeIgniter\Config\Services::session()
11 SYSTEMPATH\Common.php(988): CodeIgniter\Config\BaseService::__callStatic('session', [])
12 APPPATH\Filters\Noauth.php(28): session()
13 SYSTEMPATH\Filters\Filters.php(173): App\Filters\Noauth->before(Object(CodeIgniter\HTTP\IncomingRequest), null)
14 SYSTEMPATH\CodeIgniter.php(473): CodeIgniter\Filters\Filters->run('login', 'before')
15 SYSTEMPATH\CodeIgniter.php(368): CodeIgniter\CodeIgniter->handleRequest(null, Object(Config\Cache), false)
16 FCPATH\index.php(67): CodeIgniter\CodeIgniter->run()
17 SYSTEMPATH\Commands\Server\rewrite.php(47): require_once('D:\\development\\Proyectos\\UPN212TEZ\\evaldoc_linux\\public\\index.php')
CRITICAL - 2023-08-02 22:22:55 --> fopen(D:\development\Proyectos\UPN212TEZ\evaldoc_linux\writable\session/ci_session51meqi9nh9997gdjpha8138jnrike772): Failed to open stream: Invalid argument
in SYSTEMPATH\Session\Handlers\FileHandler.php on line 128.
 1 [internal function]: CodeIgniter\Debug\Exceptions->errorHandler(2, 'fopen(D:\\development\\Proyectos\\UPN212TEZ\\evaldoc_linux\\writable\\session/ci_session51meqi9nh9997gdjpha8138jnrike772): Failed to open stream: Invalid argument', 'D:\\development\\Proyectos\\UPN212TEZ\\evaldoc_linux\\system\\Session\\Handlers\\FileHandler.php', 128)
 2 SYSTEMPATH\Session\Handlers\FileHandler.php(128): fopen('D:\\development\\Proyectos\\UPN212TEZ\\evaldoc_linux\\writable\\session/ci_session51meqi9nh9997gdjpha8138jnrike772', 'c+b')
 3 [internal function]: CodeIgniter\Session\Handlers\FileHandler->read('51meqi9nh9997gdjpha8138jnrike772')
 4 SYSTEMPATH\Session\Session.php(928): session_start()
 5 SYSTEMPATH\Session\Session.php(250): CodeIgniter\Session\Session->startSession()
 6 SYSTEMPATH\Config\Services.php(674): CodeIgniter\Session\Session->start()
 7 SYSTEMPATH\Config\BaseService.php(252): CodeIgniter\Config\Services::session(Object(Config\App), false)
 8 SYSTEMPATH\Config\BaseService.php(193): CodeIgniter\Config\BaseService::__callStatic('session', [...])
 9 SYSTEMPATH\Config\Services.php(641): CodeIgniter\Config\BaseService::getSharedInstance('session', null)
10 SYSTEMPATH\Config\BaseService.php(252): CodeIgniter\Config\Services::session()
11 SYSTEMPATH\Common.php(988): CodeIgniter\Config\BaseService::__callStatic('session', [])
12 APPPATH\Filters\Noauth.php(28): session()
13 SYSTEMPATH\Filters\Filters.php(173): App\Filters\Noauth->before(Object(CodeIgniter\HTTP\IncomingRequest), null)
14 SYSTEMPATH\CodeIgniter.php(473): CodeIgniter\Filters\Filters->run('login', 'before')
15 SYSTEMPATH\CodeIgniter.php(368): CodeIgniter\CodeIgniter->handleRequest(null, Object(Config\Cache), false)
16 FCPATH\index.php(67): CodeIgniter\CodeIgniter->run()
17 SYSTEMPATH\Commands\Server\rewrite.php(47): require_once('D:\\development\\Proyectos\\UPN212TEZ\\evaldoc_linux\\public\\index.php')
INFO - 2023-08-02 22:24:06 --> Session: Class initialized using 'CodeIgniter\Session\Handlers\FileHandler' driver.
INFO - 2023-08-02 22:24:23 --> Session: Class initialized using 'CodeIgniter\Session\Handlers\FileHandler' driver.
INFO - 2023-08-02 22:24:23 --> Session: Class initialized using 'CodeIgniter\Session\Handlers\FileHandler' driver.
INFO - 2023-08-02 22:24:33 --> Session: Class initialized using 'CodeIgniter\Session\Handlers\FileHandler' driver.
WARNING - 2023-08-02 22:24:33 --> [DEPRECATED] Creation of dynamic property App\Controllers\Admin\UsuarioController::$session is deprecated in APPPATH\Controllers\Admin\UsuarioController.php on line 17.
 1 SYSTEMPATH\CodeIgniter.php(906): App\Controllers\Admin\UsuarioController->__construct()
 2 SYSTEMPATH\CodeIgniter.php(490): CodeIgniter\CodeIgniter->createController()
 3 SYSTEMPATH\CodeIgniter.php(368): CodeIgniter\CodeIgniter->handleRequest(null, Object(Config\Cache), false)
 4 FCPATH\index.php(67): CodeIgniter\CodeIgniter->run()
 5 SYSTEMPATH\Commands\Server\rewrite.php(47): require_once('D:\\development\\Proyectos\\UPN212TEZ\\evaldoc_linux\\public\\index.php')
INFO - 2023-08-02 22:24:37 --> Session: Class initialized using 'CodeIgniter\Session\Handlers\FileHandler' driver.
WARNING - 2023-08-02 22:24:37 --> [DEPRECATED] Creation of dynamic property App\Controllers\Admin\UsuarioController::$session is deprecated in APPPATH\Controllers\Admin\UsuarioController.php on line 17.
 1 SYSTEMPATH\CodeIgniter.php(906): App\Controllers\Admin\UsuarioController->__construct()
 2 SYSTEMPATH\CodeIgniter.php(490): CodeIgniter\CodeIgniter->createController()
 3 SYSTEMPATH\CodeIgniter.php(368): CodeIgniter\CodeIgniter->handleRequest(null, Object(Config\Cache), false)
 4 FCPATH\index.php(67): CodeIgniter\CodeIgniter->run()
 5 SYSTEMPATH\Commands\Server\rewrite.php(47): require_once('D:\\development\\Proyectos\\UPN212TEZ\\evaldoc_linux\\public\\index.php')
INFO - 2023-08-02 22:24:47 --> Session: Class initialized using 'CodeIgniter\Session\Handlers\FileHandler' driver.
WARNING - 2023-08-02 22:24:47 --> [DEPRECATED] Creation of dynamic property App\Controllers\Admin\UsuarioController::$session is deprecated in APPPATH\Controllers\Admin\UsuarioController.php on line 17.
 1 SYSTEMPATH\CodeIgniter.php(906): App\Controllers\Admin\UsuarioController->__construct()
 2 SYSTEMPATH\CodeIgniter.php(490): CodeIgniter\CodeIgniter->createController()
 3 SYSTEMPATH\CodeIgniter.php(368): CodeIgniter\CodeIgniter->handleRequest(null, Object(Config\Cache), false)
 4 FCPATH\index.php(67): CodeIgniter\CodeIgniter->run()
 5 SYSTEMPATH\Commands\Server\rewrite.php(47): require_once('D:\\development\\Proyectos\\UPN212TEZ\\evaldoc_linux\\public\\index.php')
INFO - 2023-08-02 22:24:49 --> Session: Class initialized using 'CodeIgniter\Session\Handlers\FileHandler' driver.
WARNING - 2023-08-02 22:24:49 --> [DEPRECATED] Creation of dynamic property App\Controllers\Admin\EstudianteController::$session is deprecated in APPPATH\Controllers\Admin\EstudianteController.php on line 16.
 1 SYSTEMPATH\CodeIgniter.php(906): App\Controllers\Admin\EstudianteController->__construct()
 2 SYSTEMPATH\CodeIgniter.php(490): CodeIgniter\CodeIgniter->createController()
 3 SYSTEMPATH\CodeIgniter.php(368): CodeIgniter\CodeIgniter->handleRequest(null, Object(Config\Cache), false)
 4 FCPATH\index.php(67): CodeIgniter\CodeIgniter->run()
 5 SYSTEMPATH\Commands\Server\rewrite.php(47): require_once('D:\\development\\Proyectos\\UPN212TEZ\\evaldoc_linux\\public\\index.php')
INFO - 2023-08-02 22:24:52 --> Session: Class initialized using 'CodeIgniter\Session\Handlers\FileHandler' driver.
WARNING - 2023-08-02 22:24:52 --> [DEPRECATED] Creation of dynamic property App\Controllers\Admin\UsuarioController::$session is deprecated in APPPATH\Controllers\Admin\UsuarioController.php on line 17.
 1 SYSTEMPATH\CodeIgniter.php(906): App\Controllers\Admin\UsuarioController->__construct()
 2 SYSTEMPATH\CodeIgniter.php(490): CodeIgniter\CodeIgniter->createController()
 3 SYSTEMPATH\CodeIgniter.php(368): CodeIgniter\CodeIgniter->handleRequest(null, Object(Config\Cache), false)
 4 FCPATH\index.php(67): CodeIgniter\CodeIgniter->run()
 5 SYSTEMPATH\Commands\Server\rewrite.php(47): require_once('D:\\development\\Proyectos\\UPN212TEZ\\evaldoc_linux\\public\\index.php')
INFO - 2023-08-02 22:25:03 --> Session: Class initialized using 'CodeIgniter\Session\Handlers\FileHandler' driver.
INFO - 2023-08-02 22:25:21 --> Session: Class initialized using 'CodeIgniter\Session\Handlers\FileHandler' driver.
INFO - 2023-08-02 22:25:25 --> Session: Class initialized using 'CodeIgniter\Session\Handlers\FileHandler' driver.
WARNING - 2023-08-02 22:25:25 --> [DEPRECATED] Creation of dynamic property App\Controllers\Admin\ProfesorController::$session is deprecated in APPPATH\Controllers\Admin\ProfesorController.php on line 17.
 1 SYSTEMPATH\CodeIgniter.php(906): App\Controllers\Admin\ProfesorController->__construct()
 2 SYSTEMPATH\CodeIgniter.php(490): CodeIgniter\CodeIgniter->createController()
 3 SYSTEMPATH\CodeIgniter.php(368): CodeIgniter\CodeIgniter->handleRequest(null, Object(Config\Cache), false)
 4 FCPATH\index.php(67): CodeIgniter\CodeIgniter->run()
 5 SYSTEMPATH\Commands\Server\rewrite.php(47): require_once('D:\\development\\Proyectos\\UPN212TEZ\\evaldoc_linux\\public\\index.php')
INFO - 2023-08-02 22:35:09 --> Session: Class initialized using 'CodeIgniter\Session\Handlers\FileHandler' driver.
WARNING - 2023-08-02 22:35:09 --> [DEPRECATED] Creation of dynamic property App\Controllers\Admin\ProfesorController::$session is deprecated in APPPATH\Controllers\Admin\ProfesorController.php on line 17.
 1 SYSTEMPATH\CodeIgniter.php(906): App\Controllers\Admin\ProfesorController->__construct()
 2 SYSTEMPATH\CodeIgniter.php(490): CodeIgniter\CodeIgniter->createController()
 3 SYSTEMPATH\CodeIgniter.php(368): CodeIgniter\CodeIgniter->handleRequest(null, Object(Config\Cache), false)
 4 FCPATH\index.php(67): CodeIgniter\CodeIgniter->run()
 5 SYSTEMPATH\Commands\Server\rewrite.php(47): require_once('D:\\development\\Proyectos\\UPN212TEZ\\evaldoc_linux\\public\\index.php')
INFO - 2023-08-02 22:36:25 --> Session: Class initialized using 'CodeIgniter\Session\Handlers\FileHandler' driver.
WARNING - 2023-08-02 22:36:25 --> [DEPRECATED] Creation of dynamic property App\Controllers\Admin\AreaController::$session is deprecated in APPPATH\Controllers\Admin\AreaController.php on line 15.
 1 SYSTEMPATH\CodeIgniter.php(906): App\Controllers\Admin\AreaController->__construct()
 2 SYSTEMPATH\CodeIgniter.php(490): CodeIgniter\CodeIgniter->createController()
 3 SYSTEMPATH\CodeIgniter.php(368): CodeIgniter\CodeIgniter->handleRequest(null, Object(Config\Cache), false)
 4 FCPATH\index.php(67): CodeIgniter\CodeIgniter->run()
 5 SYSTEMPATH\Commands\Server\rewrite.php(47): require_once('D:\\development\\Proyectos\\UPN212TEZ\\evaldoc_linux\\public\\index.php')
CRITICAL - 2023-08-02 22:36:25 --> Archivo inválido: admin/areas/index.php
in SYSTEMPATH\Exceptions\FrameworkException.php on line 33.
 1 SYSTEMPATH\View\View.php(201): CodeIgniter\Exceptions\FrameworkException::forInvalidFile('admin/areas/index.php')
 2 SYSTEMPATH\Common.php(1184): CodeIgniter\View\View->render('admin/areas/index', [], true)
 3 APPPATH\Controllers\Admin\AreaController.php(32): view('admin/areas/index', [...])
 4 SYSTEMPATH\CodeIgniter.php(934): App\Controllers\Admin\AreaController->index()
 5 SYSTEMPATH\CodeIgniter.php(499): CodeIgniter\CodeIgniter->runController(Object(App\Controllers\Admin\AreaController))
 6 SYSTEMPATH\CodeIgniter.php(368): CodeIgniter\CodeIgniter->handleRequest(null, Object(Config\Cache), false)
 7 FCPATH\index.php(67): CodeIgniter\CodeIgniter->run()
 8 SYSTEMPATH\Commands\Server\rewrite.php(47): require_once('D:\\development\\Proyectos\\UPN212TEZ\\evaldoc_linux\\public\\index.php')
INFO - 2023-08-02 22:37:41 --> Session: Class initialized using 'CodeIgniter\Session\Handlers\FileHandler' driver.
WARNING - 2023-08-02 22:37:41 --> [DEPRECATED] Creation of dynamic property App\Controllers\Admin\AreaController::$session is deprecated in APPPATH\Controllers\Admin\AreaController.php on line 15.
 1 SYSTEMPATH\CodeIgniter.php(906): App\Controllers\Admin\AreaController->__construct()
 2 SYSTEMPATH\CodeIgniter.php(490): CodeIgniter\CodeIgniter->createController()
 3 SYSTEMPATH\CodeIgniter.php(368): CodeIgniter\CodeIgniter->handleRequest(null, Object(Config\Cache), false)
 4 FCPATH\index.php(67): CodeIgniter\CodeIgniter->run()
 5 SYSTEMPATH\Commands\Server\rewrite.php(47): require_once('D:\\development\\Proyectos\\UPN212TEZ\\evaldoc_linux\\public\\index.php')
INFO - 2023-08-02 22:42:26 --> Session: Class initialized using 'CodeIgniter\Session\Handlers\FileHandler' driver.
WARNING - 2023-08-02 22:42:26 --> [DEPRECATED] Creation of dynamic property App\Controllers\Admin\AreaController::$session is deprecated in APPPATH\Controllers\Admin\AreaController.php on line 15.
 1 SYSTEMPATH\CodeIgniter.php(906): App\Controllers\Admin\AreaController->__construct()
 2 SYSTEMPATH\CodeIgniter.php(490): CodeIgniter\CodeIgniter->createController()
 3 SYSTEMPATH\CodeIgniter.php(368): CodeIgniter\CodeIgniter->handleRequest(null, Object(Config\Cache), false)
 4 FCPATH\index.php(67): CodeIgniter\CodeIgniter->run()
 5 SYSTEMPATH\Commands\Server\rewrite.php(47): require_once('D:\\development\\Proyectos\\UPN212TEZ\\evaldoc_linux\\public\\index.php')
CRITICAL - 2023-08-02 22:42:26 --> Undefined variable $asignaturas
in APPPATH\Views\admin\areas\index.php on line 48.
 1 APPPATH\Views\admin\areas\index.php(48): CodeIgniter\Debug\Exceptions->errorHandler(2, 'Undefined variable $asignaturas', 'D:\\development\\Proyectos\\UPN212TEZ\\evaldoc_linux\\app\\Views\\admin\\areas\\index.php', 48)
 2 SYSTEMPATH\View\View.php(213): include('D:\\development\\Proyectos\\UPN212TEZ\\evaldoc_linux\\app\\Views\\admin\\areas\\index.php')
 3 SYSTEMPATH\View\View.php(216): CodeIgniter\View\View->CodeIgniter\View\{closure}()
 4 SYSTEMPATH\Common.php(1184): CodeIgniter\View\View->render('admin/areas/index', [], true)
 5 APPPATH\Controllers\Admin\AreaController.php(32): view('admin/areas/index', [...])
 6 SYSTEMPATH\CodeIgniter.php(934): App\Controllers\Admin\AreaController->index()
 7 SYSTEMPATH\CodeIgniter.php(499): CodeIgniter\CodeIgniter->runController(Object(App\Controllers\Admin\AreaController))
 8 SYSTEMPATH\CodeIgniter.php(368): CodeIgniter\CodeIgniter->handleRequest(null, Object(Config\Cache), false)
 9 FCPATH\index.php(67): CodeIgniter\CodeIgniter->run()
10 SYSTEMPATH\Commands\Server\rewrite.php(47): require_once('D:\\development\\Proyectos\\UPN212TEZ\\evaldoc_linux\\public\\index.php')
INFO - 2023-08-02 22:43:58 --> Session: Class initialized using 'CodeIgniter\Session\Handlers\FileHandler' driver.
WARNING - 2023-08-02 22:43:58 --> [DEPRECATED] Creation of dynamic property App\Controllers\Admin\AreaController::$session is deprecated in APPPATH\Controllers\Admin\AreaController.php on line 15.
 1 SYSTEMPATH\CodeIgniter.php(906): App\Controllers\Admin\AreaController->__construct()
 2 SYSTEMPATH\CodeIgniter.php(490): CodeIgniter\CodeIgniter->createController()
 3 SYSTEMPATH\CodeIgniter.php(368): CodeIgniter\CodeIgniter->handleRequest(null, Object(Config\Cache), false)
 4 FCPATH\index.php(67): CodeIgniter\CodeIgniter->run()
 5 SYSTEMPATH\Commands\Server\rewrite.php(47): require_once('D:\\development\\Proyectos\\UPN212TEZ\\evaldoc_linux\\public\\index.php')
