INFO - 2023-08-23 20:22:17 --> Session: Class initialized using 'CodeIgniter\Session\Handlers\FileHandler' driver.
INFO - 2023-08-23 20:22:23 --> Session: Class initialized using 'CodeIgniter\Session\Handlers\FileHandler' driver.
INFO - 2023-08-23 20:22:24 --> Session: Class initialized using 'CodeIgniter\Session\Handlers\FileHandler' driver.
INFO - 2023-08-23 20:22:28 --> Session: Class initialized using 'CodeIgniter\Session\Handlers\FileHandler' driver.
WARNING - 2023-08-23 20:22:28 --> [DEPRECATED] Creation of dynamic property App\Controllers\Admin\UsuarioController::$session is deprecated in APPPATH\Controllers\Admin\UsuarioController.php on line 17.
 1 SYSTEMPATH\CodeIgniter.php(906): App\Controllers\Admin\UsuarioController->__construct()
 2 SYSTEMPATH\CodeIgniter.php(490): CodeIgniter\CodeIgniter->createController()
 3 SYSTEMPATH\CodeIgniter.php(368): CodeIgniter\CodeIgniter->handleRequest(null, Object(Config\Cache), false)
 4 FCPATH\index.php(67): CodeIgniter\CodeIgniter->run()
 5 SYSTEMPATH\Commands\Server\rewrite.php(47): require_once('E:\\development\\Proyectos\\UPN212TEZ\\evaldoc_linux\\public\\index.php')
INFO - 2023-08-23 20:22:49 --> Session: Class initialized using 'CodeIgniter\Session\Handlers\FileHandler' driver.
WARNING - 2023-08-23 20:22:49 --> [DEPRECATED] Creation of dynamic property App\Controllers\Admin\ProfesorController::$session is deprecated in APPPATH\Controllers\Admin\ProfesorController.php on line 17.
 1 SYSTEMPATH\CodeIgniter.php(906): App\Controllers\Admin\ProfesorController->__construct()
 2 SYSTEMPATH\CodeIgniter.php(490): CodeIgniter\CodeIgniter->createController()
 3 SYSTEMPATH\CodeIgniter.php(368): CodeIgniter\CodeIgniter->handleRequest(null, Object(Config\Cache), false)
 4 FCPATH\index.php(67): CodeIgniter\CodeIgniter->run()
 5 SYSTEMPATH\Commands\Server\rewrite.php(47): require_once('E:\\development\\Proyectos\\UPN212TEZ\\evaldoc_linux\\public\\index.php')
INFO - 2023-08-23 21:15:29 --> Session: Class initialized using 'CodeIgniter\Session\Handlers\FileHandler' driver.
WARNING - 2023-08-23 21:15:29 --> [DEPRECATED] Creation of dynamic property App\Controllers\Admin\ProfesorController::$session is deprecated in APPPATH\Controllers\Admin\ProfesorController.php on line 17.
 1 SYSTEMPATH\CodeIgniter.php(906): App\Controllers\Admin\ProfesorController->__construct()
 2 SYSTEMPATH\CodeIgniter.php(490): CodeIgniter\CodeIgniter->createController()
 3 SYSTEMPATH\CodeIgniter.php(368): CodeIgniter\CodeIgniter->handleRequest(null, Object(Config\Cache), false)
 4 FCPATH\index.php(67): CodeIgniter\CodeIgniter->run()
 5 SYSTEMPATH\Commands\Server\rewrite.php(47): require_once('E:\\development\\Proyectos\\UPN212TEZ\\evaldoc_linux\\public\\index.php')
INFO - 2023-08-23 21:15:31 --> Session: Class initialized using 'CodeIgniter\Session\Handlers\FileHandler' driver.
WARNING - 2023-08-23 21:15:31 --> [DEPRECATED] Creation of dynamic property App\Controllers\Admin\ProfesorController::$session is deprecated in APPPATH\Controllers\Admin\ProfesorController.php on line 17.
 1 SYSTEMPATH\CodeIgniter.php(906): App\Controllers\Admin\ProfesorController->__construct()
 2 SYSTEMPATH\CodeIgniter.php(490): CodeIgniter\CodeIgniter->createController()
 3 SYSTEMPATH\CodeIgniter.php(368): CodeIgniter\CodeIgniter->handleRequest(null, Object(Config\Cache), false)
 4 FCPATH\index.php(67): CodeIgniter\CodeIgniter->run()
 5 SYSTEMPATH\Commands\Server\rewrite.php(47): require_once('E:\\development\\Proyectos\\UPN212TEZ\\evaldoc_linux\\public\\index.php')
INFO - 2023-08-23 21:15:31 --> Session: Class initialized using 'CodeIgniter\Session\Handlers\FileHandler' driver.
WARNING - 2023-08-23 21:15:31 --> [DEPRECATED] Creation of dynamic property App\Controllers\Admin\ProfesorController::$session is deprecated in APPPATH\Controllers\Admin\ProfesorController.php on line 17.
 1 SYSTEMPATH\CodeIgniter.php(906): App\Controllers\Admin\ProfesorController->__construct()
 2 SYSTEMPATH\CodeIgniter.php(490): CodeIgniter\CodeIgniter->createController()
 3 SYSTEMPATH\CodeIgniter.php(368): CodeIgniter\CodeIgniter->handleRequest(null, Object(Config\Cache), false)
 4 FCPATH\index.php(67): CodeIgniter\CodeIgniter->run()
 5 SYSTEMPATH\Commands\Server\rewrite.php(47): require_once('E:\\development\\Proyectos\\UPN212TEZ\\evaldoc_linux\\public\\index.php')
INFO - 2023-08-23 21:15:31 --> Session: Class initialized using 'CodeIgniter\Session\Handlers\FileHandler' driver.
WARNING - 2023-08-23 21:15:31 --> [DEPRECATED] Creation of dynamic property App\Controllers\Admin\ProfesorController::$session is deprecated in APPPATH\Controllers\Admin\ProfesorController.php on line 17.
 1 SYSTEMPATH\CodeIgniter.php(906): App\Controllers\Admin\ProfesorController->__construct()
 2 SYSTEMPATH\CodeIgniter.php(490): CodeIgniter\CodeIgniter->createController()
 3 SYSTEMPATH\CodeIgniter.php(368): CodeIgniter\CodeIgniter->handleRequest(null, Object(Config\Cache), false)
 4 FCPATH\index.php(67): CodeIgniter\CodeIgniter->run()
 5 SYSTEMPATH\Commands\Server\rewrite.php(47): require_once('E:\\development\\Proyectos\\UPN212TEZ\\evaldoc_linux\\public\\index.php')
INFO - 2023-08-23 21:15:50 --> Session: Class initialized using 'CodeIgniter\Session\Handlers\FileHandler' driver.
WARNING - 2023-08-23 21:15:50 --> [DEPRECATED] Creation of dynamic property App\Controllers\Admin\ProfesorController::$session is deprecated in APPPATH\Controllers\Admin\ProfesorController.php on line 17.
 1 SYSTEMPATH\CodeIgniter.php(906): App\Controllers\Admin\ProfesorController->__construct()
 2 SYSTEMPATH\CodeIgniter.php(490): CodeIgniter\CodeIgniter->createController()
 3 SYSTEMPATH\CodeIgniter.php(368): CodeIgniter\CodeIgniter->handleRequest(null, Object(Config\Cache), false)
 4 FCPATH\index.php(67): CodeIgniter\CodeIgniter->run()
 5 SYSTEMPATH\Commands\Server\rewrite.php(47): require_once('E:\\development\\Proyectos\\UPN212TEZ\\evaldoc_linux\\public\\index.php')
INFO - 2023-08-23 21:15:50 --> Session: Class initialized using 'CodeIgniter\Session\Handlers\FileHandler' driver.
WARNING - 2023-08-23 21:15:50 --> [DEPRECATED] Creation of dynamic property App\Controllers\Admin\ProfesorController::$session is deprecated in APPPATH\Controllers\Admin\ProfesorController.php on line 17.
 1 SYSTEMPATH\CodeIgniter.php(906): App\Controllers\Admin\ProfesorController->__construct()
 2 SYSTEMPATH\CodeIgniter.php(490): CodeIgniter\CodeIgniter->createController()
 3 SYSTEMPATH\CodeIgniter.php(368): CodeIgniter\CodeIgniter->handleRequest(null, Object(Config\Cache), false)
 4 FCPATH\index.php(67): CodeIgniter\CodeIgniter->run()
 5 SYSTEMPATH\Commands\Server\rewrite.php(47): require_once('E:\\development\\Proyectos\\UPN212TEZ\\evaldoc_linux\\public\\index.php')
INFO - 2023-08-23 21:15:50 --> Session: Class initialized using 'CodeIgniter\Session\Handlers\FileHandler' driver.
WARNING - 2023-08-23 21:15:50 --> [DEPRECATED] Creation of dynamic property App\Controllers\Admin\ProfesorController::$session is deprecated in APPPATH\Controllers\Admin\ProfesorController.php on line 17.
 1 SYSTEMPATH\CodeIgniter.php(906): App\Controllers\Admin\ProfesorController->__construct()
 2 SYSTEMPATH\CodeIgniter.php(490): CodeIgniter\CodeIgniter->createController()
 3 SYSTEMPATH\CodeIgniter.php(368): CodeIgniter\CodeIgniter->handleRequest(null, Object(Config\Cache), false)
 4 FCPATH\index.php(67): CodeIgniter\CodeIgniter->run()
 5 SYSTEMPATH\Commands\Server\rewrite.php(47): require_once('E:\\development\\Proyectos\\UPN212TEZ\\evaldoc_linux\\public\\index.php')
INFO - 2023-08-23 21:21:38 --> Session: Class initialized using 'CodeIgniter\Session\Handlers\FileHandler' driver.
WARNING - 2023-08-23 21:21:38 --> [DEPRECATED] Creation of dynamic property App\Controllers\Admin\ProfesorController::$session is deprecated in APPPATH\Controllers\Admin\ProfesorController.php on line 17.
 1 SYSTEMPATH\CodeIgniter.php(906): App\Controllers\Admin\ProfesorController->__construct()
 2 SYSTEMPATH\CodeIgniter.php(490): CodeIgniter\CodeIgniter->createController()
 3 SYSTEMPATH\CodeIgniter.php(368): CodeIgniter\CodeIgniter->handleRequest(null, Object(Config\Cache), false)
 4 FCPATH\index.php(67): CodeIgniter\CodeIgniter->run()
 5 SYSTEMPATH\Commands\Server\rewrite.php(47): require_once('E:\\development\\Proyectos\\UPN212TEZ\\evaldoc_linux\\public\\index.php')
INFO - 2023-08-23 21:21:38 --> Session: Class initialized using 'CodeIgniter\Session\Handlers\FileHandler' driver.
WARNING - 2023-08-23 21:21:38 --> [DEPRECATED] Creation of dynamic property App\Controllers\Admin\ProfesorController::$session is deprecated in APPPATH\Controllers\Admin\ProfesorController.php on line 17.
 1 SYSTEMPATH\CodeIgniter.php(906): App\Controllers\Admin\ProfesorController->__construct()
 2 SYSTEMPATH\CodeIgniter.php(490): CodeIgniter\CodeIgniter->createController()
 3 SYSTEMPATH\CodeIgniter.php(368): CodeIgniter\CodeIgniter->handleRequest(null, Object(Config\Cache), false)
 4 FCPATH\index.php(67): CodeIgniter\CodeIgniter->run()
 5 SYSTEMPATH\Commands\Server\rewrite.php(47): require_once('E:\\development\\Proyectos\\UPN212TEZ\\evaldoc_linux\\public\\index.php')
INFO - 2023-08-23 21:21:39 --> Session: Class initialized using 'CodeIgniter\Session\Handlers\FileHandler' driver.
WARNING - 2023-08-23 21:21:39 --> [DEPRECATED] Creation of dynamic property App\Controllers\Admin\ProfesorController::$session is deprecated in APPPATH\Controllers\Admin\ProfesorController.php on line 17.
 1 SYSTEMPATH\CodeIgniter.php(906): App\Controllers\Admin\ProfesorController->__construct()
 2 SYSTEMPATH\CodeIgniter.php(490): CodeIgniter\CodeIgniter->createController()
 3 SYSTEMPATH\CodeIgniter.php(368): CodeIgniter\CodeIgniter->handleRequest(null, Object(Config\Cache), false)
 4 FCPATH\index.php(67): CodeIgniter\CodeIgniter->run()
 5 SYSTEMPATH\Commands\Server\rewrite.php(47): require_once('E:\\development\\Proyectos\\UPN212TEZ\\evaldoc_linux\\public\\index.php')
INFO - 2023-08-23 21:22:15 --> Session: Class initialized using 'CodeIgniter\Session\Handlers\FileHandler' driver.
WARNING - 2023-08-23 21:22:15 --> [DEPRECATED] Creation of dynamic property App\Controllers\Admin\ProfesorController::$session is deprecated in APPPATH\Controllers\Admin\ProfesorController.php on line 17.
 1 SYSTEMPATH\CodeIgniter.php(906): App\Controllers\Admin\ProfesorController->__construct()
 2 SYSTEMPATH\CodeIgniter.php(490): CodeIgniter\CodeIgniter->createController()
 3 SYSTEMPATH\CodeIgniter.php(368): CodeIgniter\CodeIgniter->handleRequest(null, Object(Config\Cache), false)
 4 FCPATH\index.php(67): CodeIgniter\CodeIgniter->run()
 5 SYSTEMPATH\Commands\Server\rewrite.php(47): require_once('E:\\development\\Proyectos\\UPN212TEZ\\evaldoc_linux\\public\\index.php')
INFO - 2023-08-23 21:22:15 --> Session: Class initialized using 'CodeIgniter\Session\Handlers\FileHandler' driver.
WARNING - 2023-08-23 21:22:15 --> [DEPRECATED] Creation of dynamic property App\Controllers\Admin\ProfesorController::$session is deprecated in APPPATH\Controllers\Admin\ProfesorController.php on line 17.
 1 SYSTEMPATH\CodeIgniter.php(906): App\Controllers\Admin\ProfesorController->__construct()
 2 SYSTEMPATH\CodeIgniter.php(490): CodeIgniter\CodeIgniter->createController()
 3 SYSTEMPATH\CodeIgniter.php(368): CodeIgniter\CodeIgniter->handleRequest(null, Object(Config\Cache), false)
 4 FCPATH\index.php(67): CodeIgniter\CodeIgniter->run()
 5 SYSTEMPATH\Commands\Server\rewrite.php(47): require_once('E:\\development\\Proyectos\\UPN212TEZ\\evaldoc_linux\\public\\index.php')
INFO - 2023-08-23 21:22:15 --> Session: Class initialized using 'CodeIgniter\Session\Handlers\FileHandler' driver.
WARNING - 2023-08-23 21:22:15 --> [DEPRECATED] Creation of dynamic property App\Controllers\Admin\ProfesorController::$session is deprecated in APPPATH\Controllers\Admin\ProfesorController.php on line 17.
 1 SYSTEMPATH\CodeIgniter.php(906): App\Controllers\Admin\ProfesorController->__construct()
 2 SYSTEMPATH\CodeIgniter.php(490): CodeIgniter\CodeIgniter->createController()
 3 SYSTEMPATH\CodeIgniter.php(368): CodeIgniter\CodeIgniter->handleRequest(null, Object(Config\Cache), false)
 4 FCPATH\index.php(67): CodeIgniter\CodeIgniter->run()
 5 SYSTEMPATH\Commands\Server\rewrite.php(47): require_once('E:\\development\\Proyectos\\UPN212TEZ\\evaldoc_linux\\public\\index.php')
INFO - 2023-08-23 21:22:21 --> Session: Class initialized using 'CodeIgniter\Session\Handlers\FileHandler' driver.
WARNING - 2023-08-23 21:22:21 --> [DEPRECATED] Creation of dynamic property App\Controllers\Admin\UsuarioController::$session is deprecated in APPPATH\Controllers\Admin\UsuarioController.php on line 17.
 1 SYSTEMPATH\CodeIgniter.php(906): App\Controllers\Admin\UsuarioController->__construct()
 2 SYSTEMPATH\CodeIgniter.php(490): CodeIgniter\CodeIgniter->createController()
 3 SYSTEMPATH\CodeIgniter.php(368): CodeIgniter\CodeIgniter->handleRequest(null, Object(Config\Cache), false)
 4 FCPATH\index.php(67): CodeIgniter\CodeIgniter->run()
 5 SYSTEMPATH\Commands\Server\rewrite.php(47): require_once('E:\\development\\Proyectos\\UPN212TEZ\\evaldoc_linux\\public\\index.php')
INFO - 2023-08-23 21:22:28 --> Session: Class initialized using 'CodeIgniter\Session\Handlers\FileHandler' driver.
WARNING - 2023-08-23 21:22:28 --> [DEPRECATED] Creation of dynamic property App\Controllers\Admin\ProfesorController::$session is deprecated in APPPATH\Controllers\Admin\ProfesorController.php on line 17.
 1 SYSTEMPATH\CodeIgniter.php(906): App\Controllers\Admin\ProfesorController->__construct()
 2 SYSTEMPATH\CodeIgniter.php(490): CodeIgniter\CodeIgniter->createController()
 3 SYSTEMPATH\CodeIgniter.php(368): CodeIgniter\CodeIgniter->handleRequest(null, Object(Config\Cache), false)
 4 FCPATH\index.php(67): CodeIgniter\CodeIgniter->run()
 5 SYSTEMPATH\Commands\Server\rewrite.php(47): require_once('E:\\development\\Proyectos\\UPN212TEZ\\evaldoc_linux\\public\\index.php')
INFO - 2023-08-23 21:22:30 --> Session: Class initialized using 'CodeIgniter\Session\Handlers\FileHandler' driver.
WARNING - 2023-08-23 21:22:30 --> [DEPRECATED] Creation of dynamic property App\Controllers\Admin\ProfesorController::$session is deprecated in APPPATH\Controllers\Admin\ProfesorController.php on line 17.
 1 SYSTEMPATH\CodeIgniter.php(906): App\Controllers\Admin\ProfesorController->__construct()
 2 SYSTEMPATH\CodeIgniter.php(490): CodeIgniter\CodeIgniter->createController()
 3 SYSTEMPATH\CodeIgniter.php(368): CodeIgniter\CodeIgniter->handleRequest(null, Object(Config\Cache), false)
 4 FCPATH\index.php(67): CodeIgniter\CodeIgniter->run()
 5 SYSTEMPATH\Commands\Server\rewrite.php(47): require_once('E:\\development\\Proyectos\\UPN212TEZ\\evaldoc_linux\\public\\index.php')
INFO - 2023-08-23 21:22:31 --> Session: Class initialized using 'CodeIgniter\Session\Handlers\FileHandler' driver.
WARNING - 2023-08-23 21:22:31 --> [DEPRECATED] Creation of dynamic property App\Controllers\Admin\ProfesorController::$session is deprecated in APPPATH\Controllers\Admin\ProfesorController.php on line 17.
 1 SYSTEMPATH\CodeIgniter.php(906): App\Controllers\Admin\ProfesorController->__construct()
 2 SYSTEMPATH\CodeIgniter.php(490): CodeIgniter\CodeIgniter->createController()
 3 SYSTEMPATH\CodeIgniter.php(368): CodeIgniter\CodeIgniter->handleRequest(null, Object(Config\Cache), false)
 4 FCPATH\index.php(67): CodeIgniter\CodeIgniter->run()
 5 SYSTEMPATH\Commands\Server\rewrite.php(47): require_once('E:\\development\\Proyectos\\UPN212TEZ\\evaldoc_linux\\public\\index.php')
INFO - 2023-08-23 21:22:31 --> Session: Class initialized using 'CodeIgniter\Session\Handlers\FileHandler' driver.
WARNING - 2023-08-23 21:22:31 --> [DEPRECATED] Creation of dynamic property App\Controllers\Admin\ProfesorController::$session is deprecated in APPPATH\Controllers\Admin\ProfesorController.php on line 17.
 1 SYSTEMPATH\CodeIgniter.php(906): App\Controllers\Admin\ProfesorController->__construct()
 2 SYSTEMPATH\CodeIgniter.php(490): CodeIgniter\CodeIgniter->createController()
 3 SYSTEMPATH\CodeIgniter.php(368): CodeIgniter\CodeIgniter->handleRequest(null, Object(Config\Cache), false)
 4 FCPATH\index.php(67): CodeIgniter\CodeIgniter->run()
 5 SYSTEMPATH\Commands\Server\rewrite.php(47): require_once('E:\\development\\Proyectos\\UPN212TEZ\\evaldoc_linux\\public\\index.php')
INFO - 2023-08-23 21:23:22 --> Session: Class initialized using 'CodeIgniter\Session\Handlers\FileHandler' driver.
WARNING - 2023-08-23 21:23:22 --> [DEPRECATED] Creation of dynamic property App\Controllers\Admin\ProfesorController::$session is deprecated in APPPATH\Controllers\Admin\ProfesorController.php on line 17.
 1 SYSTEMPATH\CodeIgniter.php(906): App\Controllers\Admin\ProfesorController->__construct()
 2 SYSTEMPATH\CodeIgniter.php(490): CodeIgniter\CodeIgniter->createController()
 3 SYSTEMPATH\CodeIgniter.php(368): CodeIgniter\CodeIgniter->handleRequest(null, Object(Config\Cache), false)
 4 FCPATH\index.php(67): CodeIgniter\CodeIgniter->run()
 5 SYSTEMPATH\Commands\Server\rewrite.php(47): require_once('E:\\development\\Proyectos\\UPN212TEZ\\evaldoc_linux\\public\\index.php')
INFO - 2023-08-23 21:23:22 --> Session: Class initialized using 'CodeIgniter\Session\Handlers\FileHandler' driver.
WARNING - 2023-08-23 21:23:22 --> [DEPRECATED] Creation of dynamic property App\Controllers\Admin\ProfesorController::$session is deprecated in APPPATH\Controllers\Admin\ProfesorController.php on line 17.
 1 SYSTEMPATH\CodeIgniter.php(906): App\Controllers\Admin\ProfesorController->__construct()
 2 SYSTEMPATH\CodeIgniter.php(490): CodeIgniter\CodeIgniter->createController()
 3 SYSTEMPATH\CodeIgniter.php(368): CodeIgniter\CodeIgniter->handleRequest(null, Object(Config\Cache), false)
 4 FCPATH\index.php(67): CodeIgniter\CodeIgniter->run()
 5 SYSTEMPATH\Commands\Server\rewrite.php(47): require_once('E:\\development\\Proyectos\\UPN212TEZ\\evaldoc_linux\\public\\index.php')
INFO - 2023-08-23 21:23:22 --> Session: Class initialized using 'CodeIgniter\Session\Handlers\FileHandler' driver.
WARNING - 2023-08-23 21:23:22 --> [DEPRECATED] Creation of dynamic property App\Controllers\Admin\ProfesorController::$session is deprecated in APPPATH\Controllers\Admin\ProfesorController.php on line 17.
 1 SYSTEMPATH\CodeIgniter.php(906): App\Controllers\Admin\ProfesorController->__construct()
 2 SYSTEMPATH\CodeIgniter.php(490): CodeIgniter\CodeIgniter->createController()
 3 SYSTEMPATH\CodeIgniter.php(368): CodeIgniter\CodeIgniter->handleRequest(null, Object(Config\Cache), false)
 4 FCPATH\index.php(67): CodeIgniter\CodeIgniter->run()
 5 SYSTEMPATH\Commands\Server\rewrite.php(47): require_once('E:\\development\\Proyectos\\UPN212TEZ\\evaldoc_linux\\public\\index.php')
INFO - 2023-08-23 21:23:27 --> Session: Class initialized using 'CodeIgniter\Session\Handlers\FileHandler' driver.
WARNING - 2023-08-23 21:23:27 --> [DEPRECATED] Creation of dynamic property App\Controllers\Admin\ProfesorController::$session is deprecated in APPPATH\Controllers\Admin\ProfesorController.php on line 17.
 1 SYSTEMPATH\CodeIgniter.php(906): App\Controllers\Admin\ProfesorController->__construct()
 2 SYSTEMPATH\CodeIgniter.php(490): CodeIgniter\CodeIgniter->createController()
 3 SYSTEMPATH\CodeIgniter.php(368): CodeIgniter\CodeIgniter->handleRequest(null, Object(Config\Cache), false)
 4 FCPATH\index.php(67): CodeIgniter\CodeIgniter->run()
 5 SYSTEMPATH\Commands\Server\rewrite.php(47): require_once('E:\\development\\Proyectos\\UPN212TEZ\\evaldoc_linux\\public\\index.php')
INFO - 2023-08-23 21:23:27 --> Session: Class initialized using 'CodeIgniter\Session\Handlers\FileHandler' driver.
WARNING - 2023-08-23 21:23:27 --> [DEPRECATED] Creation of dynamic property App\Controllers\Admin\ProfesorController::$session is deprecated in APPPATH\Controllers\Admin\ProfesorController.php on line 17.
 1 SYSTEMPATH\CodeIgniter.php(906): App\Controllers\Admin\ProfesorController->__construct()
 2 SYSTEMPATH\CodeIgniter.php(490): CodeIgniter\CodeIgniter->createController()
 3 SYSTEMPATH\CodeIgniter.php(368): CodeIgniter\CodeIgniter->handleRequest(null, Object(Config\Cache), false)
 4 FCPATH\index.php(67): CodeIgniter\CodeIgniter->run()
 5 SYSTEMPATH\Commands\Server\rewrite.php(47): require_once('E:\\development\\Proyectos\\UPN212TEZ\\evaldoc_linux\\public\\index.php')
INFO - 2023-08-23 21:27:24 --> Session: Class initialized using 'CodeIgniter\Session\Handlers\FileHandler' driver.
WARNING - 2023-08-23 21:27:24 --> [DEPRECATED] Creation of dynamic property App\Controllers\Admin\ProfesorController::$session is deprecated in APPPATH\Controllers\Admin\ProfesorController.php on line 17.
 1 SYSTEMPATH\CodeIgniter.php(906): App\Controllers\Admin\ProfesorController->__construct()
 2 SYSTEMPATH\CodeIgniter.php(490): CodeIgniter\CodeIgniter->createController()
 3 SYSTEMPATH\CodeIgniter.php(368): CodeIgniter\CodeIgniter->handleRequest(null, Object(Config\Cache), false)
 4 FCPATH\index.php(67): CodeIgniter\CodeIgniter->run()
 5 SYSTEMPATH\Commands\Server\rewrite.php(47): require_once('E:\\development\\Proyectos\\UPN212TEZ\\evaldoc_linux\\public\\index.php')
INFO - 2023-08-23 21:28:27 --> Session: Class initialized using 'CodeIgniter\Session\Handlers\FileHandler' driver.
WARNING - 2023-08-23 21:28:27 --> [DEPRECATED] Creation of dynamic property App\Controllers\Admin\ProfesorController::$session is deprecated in APPPATH\Controllers\Admin\ProfesorController.php on line 17.
 1 SYSTEMPATH\CodeIgniter.php(906): App\Controllers\Admin\ProfesorController->__construct()
 2 SYSTEMPATH\CodeIgniter.php(490): CodeIgniter\CodeIgniter->createController()
 3 SYSTEMPATH\CodeIgniter.php(368): CodeIgniter\CodeIgniter->handleRequest(null, Object(Config\Cache), false)
 4 FCPATH\index.php(67): CodeIgniter\CodeIgniter->run()
 5 SYSTEMPATH\Commands\Server\rewrite.php(47): require_once('E:\\development\\Proyectos\\UPN212TEZ\\evaldoc_linux\\public\\index.php')
INFO - 2023-08-23 21:28:34 --> Session: Class initialized using 'CodeIgniter\Session\Handlers\FileHandler' driver.
WARNING - 2023-08-23 21:28:34 --> [DEPRECATED] Creation of dynamic property App\Controllers\Admin\ProfesorController::$session is deprecated in APPPATH\Controllers\Admin\ProfesorController.php on line 17.
 1 SYSTEMPATH\CodeIgniter.php(906): App\Controllers\Admin\ProfesorController->__construct()
 2 SYSTEMPATH\CodeIgniter.php(490): CodeIgniter\CodeIgniter->createController()
 3 SYSTEMPATH\CodeIgniter.php(368): CodeIgniter\CodeIgniter->handleRequest(null, Object(Config\Cache), false)
 4 FCPATH\index.php(67): CodeIgniter\CodeIgniter->run()
 5 SYSTEMPATH\Commands\Server\rewrite.php(47): require_once('E:\\development\\Proyectos\\UPN212TEZ\\evaldoc_linux\\public\\index.php')
INFO - 2023-08-23 21:28:34 --> Session: Class initialized using 'CodeIgniter\Session\Handlers\FileHandler' driver.
WARNING - 2023-08-23 21:28:34 --> [DEPRECATED] Creation of dynamic property App\Controllers\Admin\ProfesorController::$session is deprecated in APPPATH\Controllers\Admin\ProfesorController.php on line 17.
 1 SYSTEMPATH\CodeIgniter.php(906): App\Controllers\Admin\ProfesorController->__construct()
 2 SYSTEMPATH\CodeIgniter.php(490): CodeIgniter\CodeIgniter->createController()
 3 SYSTEMPATH\CodeIgniter.php(368): CodeIgniter\CodeIgniter->handleRequest(null, Object(Config\Cache), false)
 4 FCPATH\index.php(67): CodeIgniter\CodeIgniter->run()
 5 SYSTEMPATH\Commands\Server\rewrite.php(47): require_once('E:\\development\\Proyectos\\UPN212TEZ\\evaldoc_linux\\public\\index.php')
INFO - 2023-08-23 22:05:54 --> Session: Class initialized using 'CodeIgniter\Session\Handlers\FileHandler' driver.
INFO - 2023-08-23 22:06:26 --> Session: Class initialized using 'CodeIgniter\Session\Handlers\FileHandler' driver.
INFO - 2023-08-23 22:06:59 --> Session: Class initialized using 'CodeIgniter\Session\Handlers\FileHandler' driver.
INFO - 2023-08-23 22:07:12 --> Session: Class initialized using 'CodeIgniter\Session\Handlers\FileHandler' driver.
INFO - 2023-08-23 22:07:28 --> Session: Class initialized using 'CodeIgniter\Session\Handlers\FileHandler' driver.
INFO - 2023-08-23 22:07:41 --> Session: Class initialized using 'CodeIgniter\Session\Handlers\FileHandler' driver.
INFO - 2023-08-23 22:08:28 --> Session: Class initialized using 'CodeIgniter\Session\Handlers\FileHandler' driver.
INFO - 2023-08-23 22:09:40 --> Session: Class initialized using 'CodeIgniter\Session\Handlers\FileHandler' driver.
INFO - 2023-08-23 22:09:44 --> Session: Class initialized using 'CodeIgniter\Session\Handlers\FileHandler' driver.
INFO - 2023-08-23 22:09:46 --> Session: Class initialized using 'CodeIgniter\Session\Handlers\FileHandler' driver.
INFO - 2023-08-23 22:09:49 --> Session: Class initialized using 'CodeIgniter\Session\Handlers\FileHandler' driver.
INFO - 2023-08-23 22:10:01 --> Session: Class initialized using 'CodeIgniter\Session\Handlers\FileHandler' driver.
INFO - 2023-08-23 22:10:06 --> Session: Class initialized using 'CodeIgniter\Session\Handlers\FileHandler' driver.
INFO - 2023-08-23 22:12:34 --> Session: Class initialized using 'CodeIgniter\Session\Handlers\FileHandler' driver.
INFO - 2023-08-23 22:12:47 --> Session: Class initialized using 'CodeIgniter\Session\Handlers\FileHandler' driver.
INFO - 2023-08-23 22:12:47 --> Session: Class initialized using 'CodeIgniter\Session\Handlers\FileHandler' driver.
INFO - 2023-08-23 22:13:13 --> Session: Class initialized using 'CodeIgniter\Session\Handlers\FileHandler' driver.
WARNING - 2023-08-23 22:13:13 --> [DEPRECATED] Creation of dynamic property App\Controllers\Admin\DimensionController::$session is deprecated in APPPATH\Controllers\Admin\DimensionController.php on line 17.
 1 SYSTEMPATH\CodeIgniter.php(906): App\Controllers\Admin\DimensionController->__construct()
 2 SYSTEMPATH\CodeIgniter.php(490): CodeIgniter\CodeIgniter->createController()
 3 SYSTEMPATH\CodeIgniter.php(368): CodeIgniter\CodeIgniter->handleRequest(null, Object(Config\Cache), false)
 4 FCPATH\index.php(67): CodeIgniter\CodeIgniter->run()
 5 SYSTEMPATH\Commands\Server\rewrite.php(47): require_once('E:\\development\\Proyectos\\UPN212TEZ\\evaldoc_linux\\public\\index.php')
INFO - 2023-08-23 22:13:17 --> Session: Class initialized using 'CodeIgniter\Session\Handlers\FileHandler' driver.
WARNING - 2023-08-23 22:13:17 --> [DEPRECATED] Creation of dynamic property App\Controllers\Admin\DimensionController::$session is deprecated in APPPATH\Controllers\Admin\DimensionController.php on line 17.
 1 SYSTEMPATH\CodeIgniter.php(906): App\Controllers\Admin\DimensionController->__construct()
 2 SYSTEMPATH\CodeIgniter.php(490): CodeIgniter\CodeIgniter->createController()
 3 SYSTEMPATH\CodeIgniter.php(368): CodeIgniter\CodeIgniter->handleRequest(null, Object(Config\Cache), false)
 4 FCPATH\index.php(67): CodeIgniter\CodeIgniter->run()
 5 SYSTEMPATH\Commands\Server\rewrite.php(47): require_once('E:\\development\\Proyectos\\UPN212TEZ\\evaldoc_linux\\public\\index.php')
INFO - 2023-08-23 22:13:19 --> Session: Class initialized using 'CodeIgniter\Session\Handlers\FileHandler' driver.
WARNING - 2023-08-23 22:13:19 --> [DEPRECATED] Creation of dynamic property App\Controllers\Admin\DimensionController::$session is deprecated in APPPATH\Controllers\Admin\DimensionController.php on line 17.
 1 SYSTEMPATH\CodeIgniter.php(906): App\Controllers\Admin\DimensionController->__construct()
 2 SYSTEMPATH\CodeIgniter.php(490): CodeIgniter\CodeIgniter->createController()
 3 SYSTEMPATH\CodeIgniter.php(368): CodeIgniter\CodeIgniter->handleRequest(null, Object(Config\Cache), false)
 4 FCPATH\index.php(67): CodeIgniter\CodeIgniter->run()
 5 SYSTEMPATH\Commands\Server\rewrite.php(47): require_once('E:\\development\\Proyectos\\UPN212TEZ\\evaldoc_linux\\public\\index.php')
INFO - 2023-08-23 22:13:34 --> Session: Class initialized using 'CodeIgniter\Session\Handlers\FileHandler' driver.
WARNING - 2023-08-23 22:13:34 --> [DEPRECATED] Creation of dynamic property App\Controllers\Admin\DimensionController::$session is deprecated in APPPATH\Controllers\Admin\DimensionController.php on line 17.
 1 SYSTEMPATH\CodeIgniter.php(906): App\Controllers\Admin\DimensionController->__construct()
 2 SYSTEMPATH\CodeIgniter.php(490): CodeIgniter\CodeIgniter->createController()
 3 SYSTEMPATH\CodeIgniter.php(368): CodeIgniter\CodeIgniter->handleRequest(null, Object(Config\Cache), false)
 4 FCPATH\index.php(67): CodeIgniter\CodeIgniter->run()
 5 SYSTEMPATH\Commands\Server\rewrite.php(47): require_once('E:\\development\\Proyectos\\UPN212TEZ\\evaldoc_linux\\public\\index.php')
INFO - 2023-08-23 22:14:37 --> Session: Class initialized using 'CodeIgniter\Session\Handlers\FileHandler' driver.
WARNING - 2023-08-23 22:14:37 --> [DEPRECATED] Creation of dynamic property App\Controllers\Admin\DimensionController::$session is deprecated in APPPATH\Controllers\Admin\DimensionController.php on line 17.
 1 SYSTEMPATH\CodeIgniter.php(906): App\Controllers\Admin\DimensionController->__construct()
 2 SYSTEMPATH\CodeIgniter.php(490): CodeIgniter\CodeIgniter->createController()
 3 SYSTEMPATH\CodeIgniter.php(368): CodeIgniter\CodeIgniter->handleRequest(null, Object(Config\Cache), false)
 4 FCPATH\index.php(67): CodeIgniter\CodeIgniter->run()
 5 SYSTEMPATH\Commands\Server\rewrite.php(47): require_once('E:\\development\\Proyectos\\UPN212TEZ\\evaldoc_linux\\public\\index.php')
INFO - 2023-08-23 22:16:24 --> Session: Class initialized using 'CodeIgniter\Session\Handlers\FileHandler' driver.
WARNING - 2023-08-23 22:16:24 --> [DEPRECATED] Creation of dynamic property App\Controllers\Admin\DimensionController::$session is deprecated in APPPATH\Controllers\Admin\DimensionController.php on line 17.
 1 SYSTEMPATH\CodeIgniter.php(906): App\Controllers\Admin\DimensionController->__construct()
 2 SYSTEMPATH\CodeIgniter.php(490): CodeIgniter\CodeIgniter->createController()
 3 SYSTEMPATH\CodeIgniter.php(368): CodeIgniter\CodeIgniter->handleRequest(null, Object(Config\Cache), false)
 4 FCPATH\index.php(67): CodeIgniter\CodeIgniter->run()
 5 SYSTEMPATH\Commands\Server\rewrite.php(47): require_once('E:\\development\\Proyectos\\UPN212TEZ\\evaldoc_linux\\public\\index.php')
INFO - 2023-08-23 22:16:53 --> Session: Class initialized using 'CodeIgniter\Session\Handlers\FileHandler' driver.
WARNING - 2023-08-23 22:16:53 --> [DEPRECATED] Creation of dynamic property App\Controllers\Admin\DimensionController::$session is deprecated in APPPATH\Controllers\Admin\DimensionController.php on line 17.
 1 SYSTEMPATH\CodeIgniter.php(906): App\Controllers\Admin\DimensionController->__construct()
 2 SYSTEMPATH\CodeIgniter.php(490): CodeIgniter\CodeIgniter->createController()
 3 SYSTEMPATH\CodeIgniter.php(368): CodeIgniter\CodeIgniter->handleRequest(null, Object(Config\Cache), false)
 4 FCPATH\index.php(67): CodeIgniter\CodeIgniter->run()
 5 SYSTEMPATH\Commands\Server\rewrite.php(47): require_once('E:\\development\\Proyectos\\UPN212TEZ\\evaldoc_linux\\public\\index.php')
INFO - 2023-08-23 22:17:35 --> Session: Class initialized using 'CodeIgniter\Session\Handlers\FileHandler' driver.
WARNING - 2023-08-23 22:17:35 --> [DEPRECATED] Creation of dynamic property App\Controllers\Admin\DimensionController::$session is deprecated in APPPATH\Controllers\Admin\DimensionController.php on line 17.
 1 SYSTEMPATH\CodeIgniter.php(906): App\Controllers\Admin\DimensionController->__construct()
 2 SYSTEMPATH\CodeIgniter.php(490): CodeIgniter\CodeIgniter->createController()
 3 SYSTEMPATH\CodeIgniter.php(368): CodeIgniter\CodeIgniter->handleRequest(null, Object(Config\Cache), false)
 4 FCPATH\index.php(67): CodeIgniter\CodeIgniter->run()
 5 SYSTEMPATH\Commands\Server\rewrite.php(47): require_once('E:\\development\\Proyectos\\UPN212TEZ\\evaldoc_linux\\public\\index.php')
INFO - 2023-08-23 22:18:29 --> Session: Class initialized using 'CodeIgniter\Session\Handlers\FileHandler' driver.
WARNING - 2023-08-23 22:18:29 --> [DEPRECATED] Creation of dynamic property App\Controllers\Admin\DimensionController::$session is deprecated in APPPATH\Controllers\Admin\DimensionController.php on line 17.
 1 SYSTEMPATH\CodeIgniter.php(906): App\Controllers\Admin\DimensionController->__construct()
 2 SYSTEMPATH\CodeIgniter.php(490): CodeIgniter\CodeIgniter->createController()
 3 SYSTEMPATH\CodeIgniter.php(368): CodeIgniter\CodeIgniter->handleRequest(null, Object(Config\Cache), false)
 4 FCPATH\index.php(67): CodeIgniter\CodeIgniter->run()
 5 SYSTEMPATH\Commands\Server\rewrite.php(47): require_once('E:\\development\\Proyectos\\UPN212TEZ\\evaldoc_linux\\public\\index.php')
INFO - 2023-08-23 22:19:17 --> Session: Class initialized using 'CodeIgniter\Session\Handlers\FileHandler' driver.
WARNING - 2023-08-23 22:19:17 --> [DEPRECATED] Creation of dynamic property App\Controllers\Admin\DimensionController::$session is deprecated in APPPATH\Controllers\Admin\DimensionController.php on line 17.
 1 SYSTEMPATH\CodeIgniter.php(906): App\Controllers\Admin\DimensionController->__construct()
 2 SYSTEMPATH\CodeIgniter.php(490): CodeIgniter\CodeIgniter->createController()
 3 SYSTEMPATH\CodeIgniter.php(368): CodeIgniter\CodeIgniter->handleRequest(null, Object(Config\Cache), false)
 4 FCPATH\index.php(67): CodeIgniter\CodeIgniter->run()
 5 SYSTEMPATH\Commands\Server\rewrite.php(47): require_once('E:\\development\\Proyectos\\UPN212TEZ\\evaldoc_linux\\public\\index.php')
INFO - 2023-08-23 22:19:25 --> Session: Class initialized using 'CodeIgniter\Session\Handlers\FileHandler' driver.
WARNING - 2023-08-23 22:19:25 --> [DEPRECATED] Creation of dynamic property App\Controllers\Admin\DimensionController::$session is deprecated in APPPATH\Controllers\Admin\DimensionController.php on line 17.
 1 SYSTEMPATH\CodeIgniter.php(906): App\Controllers\Admin\DimensionController->__construct()
 2 SYSTEMPATH\CodeIgniter.php(490): CodeIgniter\CodeIgniter->createController()
 3 SYSTEMPATH\CodeIgniter.php(368): CodeIgniter\CodeIgniter->handleRequest(null, Object(Config\Cache), false)
 4 FCPATH\index.php(67): CodeIgniter\CodeIgniter->run()
 5 SYSTEMPATH\Commands\Server\rewrite.php(47): require_once('E:\\development\\Proyectos\\UPN212TEZ\\evaldoc_linux\\public\\index.php')
INFO - 2023-08-23 22:19:28 --> Session: Class initialized using 'CodeIgniter\Session\Handlers\FileHandler' driver.
WARNING - 2023-08-23 22:19:28 --> [DEPRECATED] Creation of dynamic property App\Controllers\Admin\DimensionController::$session is deprecated in APPPATH\Controllers\Admin\DimensionController.php on line 17.
 1 SYSTEMPATH\CodeIgniter.php(906): App\Controllers\Admin\DimensionController->__construct()
 2 SYSTEMPATH\CodeIgniter.php(490): CodeIgniter\CodeIgniter->createController()
 3 SYSTEMPATH\CodeIgniter.php(368): CodeIgniter\CodeIgniter->handleRequest(null, Object(Config\Cache), false)
 4 FCPATH\index.php(67): CodeIgniter\CodeIgniter->run()
 5 SYSTEMPATH\Commands\Server\rewrite.php(47): require_once('E:\\development\\Proyectos\\UPN212TEZ\\evaldoc_linux\\public\\index.php')
INFO - 2023-08-23 22:19:32 --> Session: Class initialized using 'CodeIgniter\Session\Handlers\FileHandler' driver.
WARNING - 2023-08-23 22:19:32 --> [DEPRECATED] Creation of dynamic property App\Controllers\Admin\ProfesorController::$session is deprecated in APPPATH\Controllers\Admin\ProfesorController.php on line 17.
 1 SYSTEMPATH\CodeIgniter.php(906): App\Controllers\Admin\ProfesorController->__construct()
 2 SYSTEMPATH\CodeIgniter.php(490): CodeIgniter\CodeIgniter->createController()
 3 SYSTEMPATH\CodeIgniter.php(368): CodeIgniter\CodeIgniter->handleRequest(null, Object(Config\Cache), false)
 4 FCPATH\index.php(67): CodeIgniter\CodeIgniter->run()
 5 SYSTEMPATH\Commands\Server\rewrite.php(47): require_once('E:\\development\\Proyectos\\UPN212TEZ\\evaldoc_linux\\public\\index.php')
INFO - 2023-08-23 22:19:34 --> Session: Class initialized using 'CodeIgniter\Session\Handlers\FileHandler' driver.
WARNING - 2023-08-23 22:19:34 --> [DEPRECATED] Creation of dynamic property App\Controllers\Admin\ProfesorController::$session is deprecated in APPPATH\Controllers\Admin\ProfesorController.php on line 17.
 1 SYSTEMPATH\CodeIgniter.php(906): App\Controllers\Admin\ProfesorController->__construct()
 2 SYSTEMPATH\CodeIgniter.php(490): CodeIgniter\CodeIgniter->createController()
 3 SYSTEMPATH\CodeIgniter.php(368): CodeIgniter\CodeIgniter->handleRequest(null, Object(Config\Cache), false)
 4 FCPATH\index.php(67): CodeIgniter\CodeIgniter->run()
 5 SYSTEMPATH\Commands\Server\rewrite.php(47): require_once('E:\\development\\Proyectos\\UPN212TEZ\\evaldoc_linux\\public\\index.php')
INFO - 2023-08-23 22:19:34 --> Session: Class initialized using 'CodeIgniter\Session\Handlers\FileHandler' driver.
WARNING - 2023-08-23 22:19:34 --> [DEPRECATED] Creation of dynamic property App\Controllers\Admin\ProfesorController::$session is deprecated in APPPATH\Controllers\Admin\ProfesorController.php on line 17.
 1 SYSTEMPATH\CodeIgniter.php(906): App\Controllers\Admin\ProfesorController->__construct()
 2 SYSTEMPATH\CodeIgniter.php(490): CodeIgniter\CodeIgniter->createController()
 3 SYSTEMPATH\CodeIgniter.php(368): CodeIgniter\CodeIgniter->handleRequest(null, Object(Config\Cache), false)
 4 FCPATH\index.php(67): CodeIgniter\CodeIgniter->run()
 5 SYSTEMPATH\Commands\Server\rewrite.php(47): require_once('E:\\development\\Proyectos\\UPN212TEZ\\evaldoc_linux\\public\\index.php')
INFO - 2023-08-23 22:19:34 --> Session: Class initialized using 'CodeIgniter\Session\Handlers\FileHandler' driver.
WARNING - 2023-08-23 22:19:34 --> [DEPRECATED] Creation of dynamic property App\Controllers\Admin\ProfesorController::$session is deprecated in APPPATH\Controllers\Admin\ProfesorController.php on line 17.
 1 SYSTEMPATH\CodeIgniter.php(906): App\Controllers\Admin\ProfesorController->__construct()
 2 SYSTEMPATH\CodeIgniter.php(490): CodeIgniter\CodeIgniter->createController()
 3 SYSTEMPATH\CodeIgniter.php(368): CodeIgniter\CodeIgniter->handleRequest(null, Object(Config\Cache), false)
 4 FCPATH\index.php(67): CodeIgniter\CodeIgniter->run()
 5 SYSTEMPATH\Commands\Server\rewrite.php(47): require_once('E:\\development\\Proyectos\\UPN212TEZ\\evaldoc_linux\\public\\index.php')
INFO - 2023-08-23 22:19:36 --> Session: Class initialized using 'CodeIgniter\Session\Handlers\FileHandler' driver.
WARNING - 2023-08-23 22:19:36 --> [DEPRECATED] Creation of dynamic property App\Controllers\Admin\ProfesorController::$session is deprecated in APPPATH\Controllers\Admin\ProfesorController.php on line 17.
 1 SYSTEMPATH\CodeIgniter.php(906): App\Controllers\Admin\ProfesorController->__construct()
 2 SYSTEMPATH\CodeIgniter.php(490): CodeIgniter\CodeIgniter->createController()
 3 SYSTEMPATH\CodeIgniter.php(368): CodeIgniter\CodeIgniter->handleRequest(null, Object(Config\Cache), false)
 4 FCPATH\index.php(67): CodeIgniter\CodeIgniter->run()
 5 SYSTEMPATH\Commands\Server\rewrite.php(47): require_once('E:\\development\\Proyectos\\UPN212TEZ\\evaldoc_linux\\public\\index.php')
INFO - 2023-08-23 22:20:05 --> Session: Class initialized using 'CodeIgniter\Session\Handlers\FileHandler' driver.
WARNING - 2023-08-23 22:20:05 --> [DEPRECATED] Creation of dynamic property App\Controllers\Admin\ProfesorController::$session is deprecated in APPPATH\Controllers\Admin\ProfesorController.php on line 17.
 1 SYSTEMPATH\CodeIgniter.php(906): App\Controllers\Admin\ProfesorController->__construct()
 2 SYSTEMPATH\CodeIgniter.php(490): CodeIgniter\CodeIgniter->createController()
 3 SYSTEMPATH\CodeIgniter.php(368): CodeIgniter\CodeIgniter->handleRequest(null, Object(Config\Cache), false)
 4 FCPATH\index.php(67): CodeIgniter\CodeIgniter->run()
 5 SYSTEMPATH\Commands\Server\rewrite.php(47): require_once('E:\\development\\Proyectos\\UPN212TEZ\\evaldoc_linux\\public\\index.php')
INFO - 2023-08-23 22:20:37 --> Session: Class initialized using 'CodeIgniter\Session\Handlers\FileHandler' driver.
WARNING - 2023-08-23 22:20:37 --> [DEPRECATED] Creation of dynamic property App\Controllers\Admin\ProfesorController::$session is deprecated in APPPATH\Controllers\Admin\ProfesorController.php on line 17.
 1 SYSTEMPATH\CodeIgniter.php(906): App\Controllers\Admin\ProfesorController->__construct()
 2 SYSTEMPATH\CodeIgniter.php(490): CodeIgniter\CodeIgniter->createController()
 3 SYSTEMPATH\CodeIgniter.php(368): CodeIgniter\CodeIgniter->handleRequest(null, Object(Config\Cache), false)
 4 FCPATH\index.php(67): CodeIgniter\CodeIgniter->run()
 5 SYSTEMPATH\Commands\Server\rewrite.php(47): require_once('E:\\development\\Proyectos\\UPN212TEZ\\evaldoc_linux\\public\\index.php')
INFO - 2023-08-23 22:20:48 --> Session: Class initialized using 'CodeIgniter\Session\Handlers\FileHandler' driver.
WARNING - 2023-08-23 22:20:48 --> [DEPRECATED] Creation of dynamic property App\Controllers\Admin\ProfesorController::$session is deprecated in APPPATH\Controllers\Admin\ProfesorController.php on line 17.
 1 SYSTEMPATH\CodeIgniter.php(906): App\Controllers\Admin\ProfesorController->__construct()
 2 SYSTEMPATH\CodeIgniter.php(490): CodeIgniter\CodeIgniter->createController()
 3 SYSTEMPATH\CodeIgniter.php(368): CodeIgniter\CodeIgniter->handleRequest(null, Object(Config\Cache), false)
 4 FCPATH\index.php(67): CodeIgniter\CodeIgniter->run()
 5 SYSTEMPATH\Commands\Server\rewrite.php(47): require_once('E:\\development\\Proyectos\\UPN212TEZ\\evaldoc_linux\\public\\index.php')
INFO - 2023-08-23 22:21:16 --> Session: Class initialized using 'CodeIgniter\Session\Handlers\FileHandler' driver.
WARNING - 2023-08-23 22:21:16 --> [DEPRECATED] Creation of dynamic property App\Controllers\Admin\ProfesorController::$session is deprecated in APPPATH\Controllers\Admin\ProfesorController.php on line 17.
 1 SYSTEMPATH\CodeIgniter.php(906): App\Controllers\Admin\ProfesorController->__construct()
 2 SYSTEMPATH\CodeIgniter.php(490): CodeIgniter\CodeIgniter->createController()
 3 SYSTEMPATH\CodeIgniter.php(368): CodeIgniter\CodeIgniter->handleRequest(null, Object(Config\Cache), false)
 4 FCPATH\index.php(67): CodeIgniter\CodeIgniter->run()
 5 SYSTEMPATH\Commands\Server\rewrite.php(47): require_once('E:\\development\\Proyectos\\UPN212TEZ\\evaldoc_linux\\public\\index.php')
INFO - 2023-08-23 22:22:05 --> Session: Class initialized using 'CodeIgniter\Session\Handlers\FileHandler' driver.
WARNING - 2023-08-23 22:22:05 --> [DEPRECATED] Creation of dynamic property App\Controllers\Admin\ProfesorController::$session is deprecated in APPPATH\Controllers\Admin\ProfesorController.php on line 17.
 1 SYSTEMPATH\CodeIgniter.php(906): App\Controllers\Admin\ProfesorController->__construct()
 2 SYSTEMPATH\CodeIgniter.php(490): CodeIgniter\CodeIgniter->createController()
 3 SYSTEMPATH\CodeIgniter.php(368): CodeIgniter\CodeIgniter->handleRequest(null, Object(Config\Cache), false)
 4 FCPATH\index.php(67): CodeIgniter\CodeIgniter->run()
 5 SYSTEMPATH\Commands\Server\rewrite.php(47): require_once('E:\\development\\Proyectos\\UPN212TEZ\\evaldoc_linux\\public\\index.php')
INFO - 2023-08-23 22:23:12 --> Session: Class initialized using 'CodeIgniter\Session\Handlers\FileHandler' driver.
WARNING - 2023-08-23 22:23:12 --> [DEPRECATED] Creation of dynamic property App\Controllers\Admin\ProfesorController::$session is deprecated in APPPATH\Controllers\Admin\ProfesorController.php on line 17.
 1 SYSTEMPATH\CodeIgniter.php(906): App\Controllers\Admin\ProfesorController->__construct()
 2 SYSTEMPATH\CodeIgniter.php(490): CodeIgniter\CodeIgniter->createController()
 3 SYSTEMPATH\CodeIgniter.php(368): CodeIgniter\CodeIgniter->handleRequest(null, Object(Config\Cache), false)
 4 FCPATH\index.php(67): CodeIgniter\CodeIgniter->run()
 5 SYSTEMPATH\Commands\Server\rewrite.php(47): require_once('E:\\development\\Proyectos\\UPN212TEZ\\evaldoc_linux\\public\\index.php')
INFO - 2023-08-23 22:23:51 --> Session: Class initialized using 'CodeIgniter\Session\Handlers\FileHandler' driver.
WARNING - 2023-08-23 22:23:51 --> [DEPRECATED] Creation of dynamic property App\Controllers\Admin\ProfesorController::$session is deprecated in APPPATH\Controllers\Admin\ProfesorController.php on line 17.
 1 SYSTEMPATH\CodeIgniter.php(906): App\Controllers\Admin\ProfesorController->__construct()
 2 SYSTEMPATH\CodeIgniter.php(490): CodeIgniter\CodeIgniter->createController()
 3 SYSTEMPATH\CodeIgniter.php(368): CodeIgniter\CodeIgniter->handleRequest(null, Object(Config\Cache), false)
 4 FCPATH\index.php(67): CodeIgniter\CodeIgniter->run()
 5 SYSTEMPATH\Commands\Server\rewrite.php(47): require_once('E:\\development\\Proyectos\\UPN212TEZ\\evaldoc_linux\\public\\index.php')
INFO - 2023-08-23 22:24:21 --> Session: Class initialized using 'CodeIgniter\Session\Handlers\FileHandler' driver.
WARNING - 2023-08-23 22:24:21 --> [DEPRECATED] Creation of dynamic property App\Controllers\Admin\ProfesorController::$session is deprecated in APPPATH\Controllers\Admin\ProfesorController.php on line 17.
 1 SYSTEMPATH\CodeIgniter.php(906): App\Controllers\Admin\ProfesorController->__construct()
 2 SYSTEMPATH\CodeIgniter.php(490): CodeIgniter\CodeIgniter->createController()
 3 SYSTEMPATH\CodeIgniter.php(368): CodeIgniter\CodeIgniter->handleRequest(null, Object(Config\Cache), false)
 4 FCPATH\index.php(67): CodeIgniter\CodeIgniter->run()
 5 SYSTEMPATH\Commands\Server\rewrite.php(47): require_once('E:\\development\\Proyectos\\UPN212TEZ\\evaldoc_linux\\public\\index.php')
INFO - 2023-08-23 22:24:29 --> Session: Class initialized using 'CodeIgniter\Session\Handlers\FileHandler' driver.
WARNING - 2023-08-23 22:24:29 --> [DEPRECATED] Creation of dynamic property App\Controllers\Admin\ProfesorController::$session is deprecated in APPPATH\Controllers\Admin\ProfesorController.php on line 17.
 1 SYSTEMPATH\CodeIgniter.php(906): App\Controllers\Admin\ProfesorController->__construct()
 2 SYSTEMPATH\CodeIgniter.php(490): CodeIgniter\CodeIgniter->createController()
 3 SYSTEMPATH\CodeIgniter.php(368): CodeIgniter\CodeIgniter->handleRequest(null, Object(Config\Cache), false)
 4 FCPATH\index.php(67): CodeIgniter\CodeIgniter->run()
 5 SYSTEMPATH\Commands\Server\rewrite.php(47): require_once('E:\\development\\Proyectos\\UPN212TEZ\\evaldoc_linux\\public\\index.php')
INFO - 2023-08-23 22:24:40 --> Session: Class initialized using 'CodeIgniter\Session\Handlers\FileHandler' driver.
WARNING - 2023-08-23 22:24:40 --> [DEPRECATED] Creation of dynamic property App\Controllers\Admin\ProfesorController::$session is deprecated in APPPATH\Controllers\Admin\ProfesorController.php on line 17.
 1 SYSTEMPATH\CodeIgniter.php(906): App\Controllers\Admin\ProfesorController->__construct()
 2 SYSTEMPATH\CodeIgniter.php(490): CodeIgniter\CodeIgniter->createController()
 3 SYSTEMPATH\CodeIgniter.php(368): CodeIgniter\CodeIgniter->handleRequest(null, Object(Config\Cache), false)
 4 FCPATH\index.php(67): CodeIgniter\CodeIgniter->run()
 5 SYSTEMPATH\Commands\Server\rewrite.php(47): require_once('E:\\development\\Proyectos\\UPN212TEZ\\evaldoc_linux\\public\\index.php')
INFO - 2023-08-23 22:24:51 --> Session: Class initialized using 'CodeIgniter\Session\Handlers\FileHandler' driver.
WARNING - 2023-08-23 22:24:51 --> [DEPRECATED] Creation of dynamic property App\Controllers\Admin\ProfesorController::$session is deprecated in APPPATH\Controllers\Admin\ProfesorController.php on line 17.
 1 SYSTEMPATH\CodeIgniter.php(906): App\Controllers\Admin\ProfesorController->__construct()
 2 SYSTEMPATH\CodeIgniter.php(490): CodeIgniter\CodeIgniter->createController()
 3 SYSTEMPATH\CodeIgniter.php(368): CodeIgniter\CodeIgniter->handleRequest(null, Object(Config\Cache), false)
 4 FCPATH\index.php(67): CodeIgniter\CodeIgniter->run()
 5 SYSTEMPATH\Commands\Server\rewrite.php(47): require_once('E:\\development\\Proyectos\\UPN212TEZ\\evaldoc_linux\\public\\index.php')
INFO - 2023-08-23 22:25:03 --> Session: Class initialized using 'CodeIgniter\Session\Handlers\FileHandler' driver.
WARNING - 2023-08-23 22:25:03 --> [DEPRECATED] Creation of dynamic property App\Controllers\Admin\ProfesorController::$session is deprecated in APPPATH\Controllers\Admin\ProfesorController.php on line 17.
 1 SYSTEMPATH\CodeIgniter.php(906): App\Controllers\Admin\ProfesorController->__construct()
 2 SYSTEMPATH\CodeIgniter.php(490): CodeIgniter\CodeIgniter->createController()
 3 SYSTEMPATH\CodeIgniter.php(368): CodeIgniter\CodeIgniter->handleRequest(null, Object(Config\Cache), false)
 4 FCPATH\index.php(67): CodeIgniter\CodeIgniter->run()
 5 SYSTEMPATH\Commands\Server\rewrite.php(47): require_once('E:\\development\\Proyectos\\UPN212TEZ\\evaldoc_linux\\public\\index.php')
INFO - 2023-08-23 22:25:29 --> Session: Class initialized using 'CodeIgniter\Session\Handlers\FileHandler' driver.
WARNING - 2023-08-23 22:25:29 --> [DEPRECATED] Creation of dynamic property App\Controllers\Admin\ProfesorController::$session is deprecated in APPPATH\Controllers\Admin\ProfesorController.php on line 17.
 1 SYSTEMPATH\CodeIgniter.php(906): App\Controllers\Admin\ProfesorController->__construct()
 2 SYSTEMPATH\CodeIgniter.php(490): CodeIgniter\CodeIgniter->createController()
 3 SYSTEMPATH\CodeIgniter.php(368): CodeIgniter\CodeIgniter->handleRequest(null, Object(Config\Cache), false)
 4 FCPATH\index.php(67): CodeIgniter\CodeIgniter->run()
 5 SYSTEMPATH\Commands\Server\rewrite.php(47): require_once('E:\\development\\Proyectos\\UPN212TEZ\\evaldoc_linux\\public\\index.php')
INFO - 2023-08-23 22:26:48 --> Session: Class initialized using 'CodeIgniter\Session\Handlers\FileHandler' driver.
WARNING - 2023-08-23 22:26:48 --> [DEPRECATED] Creation of dynamic property App\Controllers\Admin\ProfesorController::$session is deprecated in APPPATH\Controllers\Admin\ProfesorController.php on line 17.
 1 SYSTEMPATH\CodeIgniter.php(906): App\Controllers\Admin\ProfesorController->__construct()
 2 SYSTEMPATH\CodeIgniter.php(490): CodeIgniter\CodeIgniter->createController()
 3 SYSTEMPATH\CodeIgniter.php(368): CodeIgniter\CodeIgniter->handleRequest(null, Object(Config\Cache), false)
 4 FCPATH\index.php(67): CodeIgniter\CodeIgniter->run()
 5 SYSTEMPATH\Commands\Server\rewrite.php(47): require_once('E:\\development\\Proyectos\\UPN212TEZ\\evaldoc_linux\\public\\index.php')
INFO - 2023-08-23 22:27:05 --> Session: Class initialized using 'CodeIgniter\Session\Handlers\FileHandler' driver.
WARNING - 2023-08-23 22:27:05 --> [DEPRECATED] Creation of dynamic property App\Controllers\Admin\ProfesorController::$session is deprecated in APPPATH\Controllers\Admin\ProfesorController.php on line 17.
 1 SYSTEMPATH\CodeIgniter.php(906): App\Controllers\Admin\ProfesorController->__construct()
 2 SYSTEMPATH\CodeIgniter.php(490): CodeIgniter\CodeIgniter->createController()
 3 SYSTEMPATH\CodeIgniter.php(368): CodeIgniter\CodeIgniter->handleRequest(null, Object(Config\Cache), false)
 4 FCPATH\index.php(67): CodeIgniter\CodeIgniter->run()
 5 SYSTEMPATH\Commands\Server\rewrite.php(47): require_once('E:\\development\\Proyectos\\UPN212TEZ\\evaldoc_linux\\public\\index.php')
INFO - 2023-08-23 22:28:17 --> Session: Class initialized using 'CodeIgniter\Session\Handlers\FileHandler' driver.
WARNING - 2023-08-23 22:28:18 --> [DEPRECATED] Creation of dynamic property App\Controllers\Admin\ProfesorController::$session is deprecated in APPPATH\Controllers\Admin\ProfesorController.php on line 17.
 1 SYSTEMPATH\CodeIgniter.php(906): App\Controllers\Admin\ProfesorController->__construct()
 2 SYSTEMPATH\CodeIgniter.php(490): CodeIgniter\CodeIgniter->createController()
 3 SYSTEMPATH\CodeIgniter.php(368): CodeIgniter\CodeIgniter->handleRequest(null, Object(Config\Cache), false)
 4 FCPATH\index.php(67): CodeIgniter\CodeIgniter->run()
 5 SYSTEMPATH\Commands\Server\rewrite.php(47): require_once('E:\\development\\Proyectos\\UPN212TEZ\\evaldoc_linux\\public\\index.php')
INFO - 2023-08-23 22:28:37 --> Session: Class initialized using 'CodeIgniter\Session\Handlers\FileHandler' driver.
WARNING - 2023-08-23 22:28:37 --> [DEPRECATED] Creation of dynamic property App\Controllers\Admin\ProfesorController::$session is deprecated in APPPATH\Controllers\Admin\ProfesorController.php on line 17.
 1 SYSTEMPATH\CodeIgniter.php(906): App\Controllers\Admin\ProfesorController->__construct()
 2 SYSTEMPATH\CodeIgniter.php(490): CodeIgniter\CodeIgniter->createController()
 3 SYSTEMPATH\CodeIgniter.php(368): CodeIgniter\CodeIgniter->handleRequest(null, Object(Config\Cache), false)
 4 FCPATH\index.php(67): CodeIgniter\CodeIgniter->run()
 5 SYSTEMPATH\Commands\Server\rewrite.php(47): require_once('E:\\development\\Proyectos\\UPN212TEZ\\evaldoc_linux\\public\\index.php')
INFO - 2023-08-23 22:29:10 --> Session: Class initialized using 'CodeIgniter\Session\Handlers\FileHandler' driver.
WARNING - 2023-08-23 22:29:10 --> [DEPRECATED] Creation of dynamic property App\Controllers\Admin\ProfesorController::$session is deprecated in APPPATH\Controllers\Admin\ProfesorController.php on line 17.
 1 SYSTEMPATH\CodeIgniter.php(906): App\Controllers\Admin\ProfesorController->__construct()
 2 SYSTEMPATH\CodeIgniter.php(490): CodeIgniter\CodeIgniter->createController()
 3 SYSTEMPATH\CodeIgniter.php(368): CodeIgniter\CodeIgniter->handleRequest(null, Object(Config\Cache), false)
 4 FCPATH\index.php(67): CodeIgniter\CodeIgniter->run()
 5 SYSTEMPATH\Commands\Server\rewrite.php(47): require_once('E:\\development\\Proyectos\\UPN212TEZ\\evaldoc_linux\\public\\index.php')
INFO - 2023-08-23 22:29:23 --> Session: Class initialized using 'CodeIgniter\Session\Handlers\FileHandler' driver.
WARNING - 2023-08-23 22:29:23 --> [DEPRECATED] Creation of dynamic property App\Controllers\Admin\ProfesorController::$session is deprecated in APPPATH\Controllers\Admin\ProfesorController.php on line 17.
 1 SYSTEMPATH\CodeIgniter.php(906): App\Controllers\Admin\ProfesorController->__construct()
 2 SYSTEMPATH\CodeIgniter.php(490): CodeIgniter\CodeIgniter->createController()
 3 SYSTEMPATH\CodeIgniter.php(368): CodeIgniter\CodeIgniter->handleRequest(null, Object(Config\Cache), false)
 4 FCPATH\index.php(67): CodeIgniter\CodeIgniter->run()
 5 SYSTEMPATH\Commands\Server\rewrite.php(47): require_once('E:\\development\\Proyectos\\UPN212TEZ\\evaldoc_linux\\public\\index.php')
INFO - 2023-08-23 22:29:32 --> Session: Class initialized using 'CodeIgniter\Session\Handlers\FileHandler' driver.
WARNING - 2023-08-23 22:29:32 --> [DEPRECATED] Creation of dynamic property App\Controllers\Admin\ProfesorController::$session is deprecated in APPPATH\Controllers\Admin\ProfesorController.php on line 17.
 1 SYSTEMPATH\CodeIgniter.php(906): App\Controllers\Admin\ProfesorController->__construct()
 2 SYSTEMPATH\CodeIgniter.php(490): CodeIgniter\CodeIgniter->createController()
 3 SYSTEMPATH\CodeIgniter.php(368): CodeIgniter\CodeIgniter->handleRequest(null, Object(Config\Cache), false)
 4 FCPATH\index.php(67): CodeIgniter\CodeIgniter->run()
 5 SYSTEMPATH\Commands\Server\rewrite.php(47): require_once('E:\\development\\Proyectos\\UPN212TEZ\\evaldoc_linux\\public\\index.php')
INFO - 2023-08-23 22:30:04 --> Session: Class initialized using 'CodeIgniter\Session\Handlers\FileHandler' driver.
WARNING - 2023-08-23 22:30:04 --> [DEPRECATED] Creation of dynamic property App\Controllers\Admin\ProfesorController::$session is deprecated in APPPATH\Controllers\Admin\ProfesorController.php on line 17.
 1 SYSTEMPATH\CodeIgniter.php(906): App\Controllers\Admin\ProfesorController->__construct()
 2 SYSTEMPATH\CodeIgniter.php(490): CodeIgniter\CodeIgniter->createController()
 3 SYSTEMPATH\CodeIgniter.php(368): CodeIgniter\CodeIgniter->handleRequest(null, Object(Config\Cache), false)
 4 FCPATH\index.php(67): CodeIgniter\CodeIgniter->run()
 5 SYSTEMPATH\Commands\Server\rewrite.php(47): require_once('E:\\development\\Proyectos\\UPN212TEZ\\evaldoc_linux\\public\\index.php')
INFO - 2023-08-23 22:30:21 --> Session: Class initialized using 'CodeIgniter\Session\Handlers\FileHandler' driver.
WARNING - 2023-08-23 22:30:21 --> [DEPRECATED] Creation of dynamic property App\Controllers\Admin\ProfesorController::$session is deprecated in APPPATH\Controllers\Admin\ProfesorController.php on line 17.
 1 SYSTEMPATH\CodeIgniter.php(906): App\Controllers\Admin\ProfesorController->__construct()
 2 SYSTEMPATH\CodeIgniter.php(490): CodeIgniter\CodeIgniter->createController()
 3 SYSTEMPATH\CodeIgniter.php(368): CodeIgniter\CodeIgniter->handleRequest(null, Object(Config\Cache), false)
 4 FCPATH\index.php(67): CodeIgniter\CodeIgniter->run()
 5 SYSTEMPATH\Commands\Server\rewrite.php(47): require_once('E:\\development\\Proyectos\\UPN212TEZ\\evaldoc_linux\\public\\index.php')
INFO - 2023-08-23 22:30:45 --> Session: Class initialized using 'CodeIgniter\Session\Handlers\FileHandler' driver.
WARNING - 2023-08-23 22:30:45 --> [DEPRECATED] Creation of dynamic property App\Controllers\Admin\ProfesorController::$session is deprecated in APPPATH\Controllers\Admin\ProfesorController.php on line 17.
 1 SYSTEMPATH\CodeIgniter.php(906): App\Controllers\Admin\ProfesorController->__construct()
 2 SYSTEMPATH\CodeIgniter.php(490): CodeIgniter\CodeIgniter->createController()
 3 SYSTEMPATH\CodeIgniter.php(368): CodeIgniter\CodeIgniter->handleRequest(null, Object(Config\Cache), false)
 4 FCPATH\index.php(67): CodeIgniter\CodeIgniter->run()
 5 SYSTEMPATH\Commands\Server\rewrite.php(47): require_once('E:\\development\\Proyectos\\UPN212TEZ\\evaldoc_linux\\public\\index.php')
INFO - 2023-08-23 22:31:00 --> Session: Class initialized using 'CodeIgniter\Session\Handlers\FileHandler' driver.
WARNING - 2023-08-23 22:31:00 --> [DEPRECATED] Creation of dynamic property App\Controllers\Admin\ProfesorController::$session is deprecated in APPPATH\Controllers\Admin\ProfesorController.php on line 17.
 1 SYSTEMPATH\CodeIgniter.php(906): App\Controllers\Admin\ProfesorController->__construct()
 2 SYSTEMPATH\CodeIgniter.php(490): CodeIgniter\CodeIgniter->createController()
 3 SYSTEMPATH\CodeIgniter.php(368): CodeIgniter\CodeIgniter->handleRequest(null, Object(Config\Cache), false)
 4 FCPATH\index.php(67): CodeIgniter\CodeIgniter->run()
 5 SYSTEMPATH\Commands\Server\rewrite.php(47): require_once('E:\\development\\Proyectos\\UPN212TEZ\\evaldoc_linux\\public\\index.php')
INFO - 2023-08-23 22:31:13 --> Session: Class initialized using 'CodeIgniter\Session\Handlers\FileHandler' driver.
WARNING - 2023-08-23 22:31:13 --> [DEPRECATED] Creation of dynamic property App\Controllers\Admin\ProfesorController::$session is deprecated in APPPATH\Controllers\Admin\ProfesorController.php on line 17.
 1 SYSTEMPATH\CodeIgniter.php(906): App\Controllers\Admin\ProfesorController->__construct()
 2 SYSTEMPATH\CodeIgniter.php(490): CodeIgniter\CodeIgniter->createController()
 3 SYSTEMPATH\CodeIgniter.php(368): CodeIgniter\CodeIgniter->handleRequest(null, Object(Config\Cache), false)
 4 FCPATH\index.php(67): CodeIgniter\CodeIgniter->run()
 5 SYSTEMPATH\Commands\Server\rewrite.php(47): require_once('E:\\development\\Proyectos\\UPN212TEZ\\evaldoc_linux\\public\\index.php')
INFO - 2023-08-23 22:31:41 --> Session: Class initialized using 'CodeIgniter\Session\Handlers\FileHandler' driver.
WARNING - 2023-08-23 22:31:41 --> [DEPRECATED] Creation of dynamic property App\Controllers\Admin\ProfesorController::$session is deprecated in APPPATH\Controllers\Admin\ProfesorController.php on line 17.
 1 SYSTEMPATH\CodeIgniter.php(906): App\Controllers\Admin\ProfesorController->__construct()
 2 SYSTEMPATH\CodeIgniter.php(490): CodeIgniter\CodeIgniter->createController()
 3 SYSTEMPATH\CodeIgniter.php(368): CodeIgniter\CodeIgniter->handleRequest(null, Object(Config\Cache), false)
 4 FCPATH\index.php(67): CodeIgniter\CodeIgniter->run()
 5 SYSTEMPATH\Commands\Server\rewrite.php(47): require_once('E:\\development\\Proyectos\\UPN212TEZ\\evaldoc_linux\\public\\index.php')
INFO - 2023-08-23 22:32:04 --> Session: Class initialized using 'CodeIgniter\Session\Handlers\FileHandler' driver.
WARNING - 2023-08-23 22:32:04 --> [DEPRECATED] Creation of dynamic property App\Controllers\Admin\ProfesorController::$session is deprecated in APPPATH\Controllers\Admin\ProfesorController.php on line 17.
 1 SYSTEMPATH\CodeIgniter.php(906): App\Controllers\Admin\ProfesorController->__construct()
 2 SYSTEMPATH\CodeIgniter.php(490): CodeIgniter\CodeIgniter->createController()
 3 SYSTEMPATH\CodeIgniter.php(368): CodeIgniter\CodeIgniter->handleRequest(null, Object(Config\Cache), false)
 4 FCPATH\index.php(67): CodeIgniter\CodeIgniter->run()
 5 SYSTEMPATH\Commands\Server\rewrite.php(47): require_once('E:\\development\\Proyectos\\UPN212TEZ\\evaldoc_linux\\public\\index.php')
INFO - 2023-08-23 22:32:13 --> Session: Class initialized using 'CodeIgniter\Session\Handlers\FileHandler' driver.
WARNING - 2023-08-23 22:32:13 --> [DEPRECATED] Creation of dynamic property App\Controllers\Admin\ProfesorController::$session is deprecated in APPPATH\Controllers\Admin\ProfesorController.php on line 17.
 1 SYSTEMPATH\CodeIgniter.php(906): App\Controllers\Admin\ProfesorController->__construct()
 2 SYSTEMPATH\CodeIgniter.php(490): CodeIgniter\CodeIgniter->createController()
 3 SYSTEMPATH\CodeIgniter.php(368): CodeIgniter\CodeIgniter->handleRequest(null, Object(Config\Cache), false)
 4 FCPATH\index.php(67): CodeIgniter\CodeIgniter->run()
 5 SYSTEMPATH\Commands\Server\rewrite.php(47): require_once('E:\\development\\Proyectos\\UPN212TEZ\\evaldoc_linux\\public\\index.php')
INFO - 2023-08-23 22:32:22 --> Session: Class initialized using 'CodeIgniter\Session\Handlers\FileHandler' driver.
WARNING - 2023-08-23 22:32:22 --> [DEPRECATED] Creation of dynamic property App\Controllers\Admin\ProfesorController::$session is deprecated in APPPATH\Controllers\Admin\ProfesorController.php on line 17.
 1 SYSTEMPATH\CodeIgniter.php(906): App\Controllers\Admin\ProfesorController->__construct()
 2 SYSTEMPATH\CodeIgniter.php(490): CodeIgniter\CodeIgniter->createController()
 3 SYSTEMPATH\CodeIgniter.php(368): CodeIgniter\CodeIgniter->handleRequest(null, Object(Config\Cache), false)
 4 FCPATH\index.php(67): CodeIgniter\CodeIgniter->run()
 5 SYSTEMPATH\Commands\Server\rewrite.php(47): require_once('E:\\development\\Proyectos\\UPN212TEZ\\evaldoc_linux\\public\\index.php')
INFO - 2023-08-23 22:32:41 --> Session: Class initialized using 'CodeIgniter\Session\Handlers\FileHandler' driver.
WARNING - 2023-08-23 22:32:41 --> [DEPRECATED] Creation of dynamic property App\Controllers\Admin\ProfesorController::$session is deprecated in APPPATH\Controllers\Admin\ProfesorController.php on line 17.
 1 SYSTEMPATH\CodeIgniter.php(906): App\Controllers\Admin\ProfesorController->__construct()
 2 SYSTEMPATH\CodeIgniter.php(490): CodeIgniter\CodeIgniter->createController()
 3 SYSTEMPATH\CodeIgniter.php(368): CodeIgniter\CodeIgniter->handleRequest(null, Object(Config\Cache), false)
 4 FCPATH\index.php(67): CodeIgniter\CodeIgniter->run()
 5 SYSTEMPATH\Commands\Server\rewrite.php(47): require_once('E:\\development\\Proyectos\\UPN212TEZ\\evaldoc_linux\\public\\index.php')
INFO - 2023-08-23 22:33:01 --> Session: Class initialized using 'CodeIgniter\Session\Handlers\FileHandler' driver.
WARNING - 2023-08-23 22:33:01 --> [DEPRECATED] Creation of dynamic property App\Controllers\Admin\ProfesorController::$session is deprecated in APPPATH\Controllers\Admin\ProfesorController.php on line 17.
 1 SYSTEMPATH\CodeIgniter.php(906): App\Controllers\Admin\ProfesorController->__construct()
 2 SYSTEMPATH\CodeIgniter.php(490): CodeIgniter\CodeIgniter->createController()
 3 SYSTEMPATH\CodeIgniter.php(368): CodeIgniter\CodeIgniter->handleRequest(null, Object(Config\Cache), false)
 4 FCPATH\index.php(67): CodeIgniter\CodeIgniter->run()
 5 SYSTEMPATH\Commands\Server\rewrite.php(47): require_once('E:\\development\\Proyectos\\UPN212TEZ\\evaldoc_linux\\public\\index.php')
INFO - 2023-08-23 22:33:09 --> Session: Class initialized using 'CodeIgniter\Session\Handlers\FileHandler' driver.
WARNING - 2023-08-23 22:33:09 --> [DEPRECATED] Creation of dynamic property App\Controllers\Admin\ProfesorController::$session is deprecated in APPPATH\Controllers\Admin\ProfesorController.php on line 17.
 1 SYSTEMPATH\CodeIgniter.php(906): App\Controllers\Admin\ProfesorController->__construct()
 2 SYSTEMPATH\CodeIgniter.php(490): CodeIgniter\CodeIgniter->createController()
 3 SYSTEMPATH\CodeIgniter.php(368): CodeIgniter\CodeIgniter->handleRequest(null, Object(Config\Cache), false)
 4 FCPATH\index.php(67): CodeIgniter\CodeIgniter->run()
 5 SYSTEMPATH\Commands\Server\rewrite.php(47): require_once('E:\\development\\Proyectos\\UPN212TEZ\\evaldoc_linux\\public\\index.php')
INFO - 2023-08-23 22:33:22 --> Session: Class initialized using 'CodeIgniter\Session\Handlers\FileHandler' driver.
WARNING - 2023-08-23 22:33:22 --> [DEPRECATED] Creation of dynamic property App\Controllers\Admin\ProfesorController::$session is deprecated in APPPATH\Controllers\Admin\ProfesorController.php on line 17.
 1 SYSTEMPATH\CodeIgniter.php(906): App\Controllers\Admin\ProfesorController->__construct()
 2 SYSTEMPATH\CodeIgniter.php(490): CodeIgniter\CodeIgniter->createController()
 3 SYSTEMPATH\CodeIgniter.php(368): CodeIgniter\CodeIgniter->handleRequest(null, Object(Config\Cache), false)
 4 FCPATH\index.php(67): CodeIgniter\CodeIgniter->run()
 5 SYSTEMPATH\Commands\Server\rewrite.php(47): require_once('E:\\development\\Proyectos\\UPN212TEZ\\evaldoc_linux\\public\\index.php')
INFO - 2023-08-23 22:33:54 --> Session: Class initialized using 'CodeIgniter\Session\Handlers\FileHandler' driver.
WARNING - 2023-08-23 22:33:54 --> [DEPRECATED] Creation of dynamic property App\Controllers\Admin\ProfesorController::$session is deprecated in APPPATH\Controllers\Admin\ProfesorController.php on line 17.
 1 SYSTEMPATH\CodeIgniter.php(906): App\Controllers\Admin\ProfesorController->__construct()
 2 SYSTEMPATH\CodeIgniter.php(490): CodeIgniter\CodeIgniter->createController()
 3 SYSTEMPATH\CodeIgniter.php(368): CodeIgniter\CodeIgniter->handleRequest(null, Object(Config\Cache), false)
 4 FCPATH\index.php(67): CodeIgniter\CodeIgniter->run()
 5 SYSTEMPATH\Commands\Server\rewrite.php(47): require_once('E:\\development\\Proyectos\\UPN212TEZ\\evaldoc_linux\\public\\index.php')
INFO - 2023-08-23 22:34:19 --> Session: Class initialized using 'CodeIgniter\Session\Handlers\FileHandler' driver.
WARNING - 2023-08-23 22:34:19 --> [DEPRECATED] Creation of dynamic property App\Controllers\Admin\ProfesorController::$session is deprecated in APPPATH\Controllers\Admin\ProfesorController.php on line 17.
 1 SYSTEMPATH\CodeIgniter.php(906): App\Controllers\Admin\ProfesorController->__construct()
 2 SYSTEMPATH\CodeIgniter.php(490): CodeIgniter\CodeIgniter->createController()
 3 SYSTEMPATH\CodeIgniter.php(368): CodeIgniter\CodeIgniter->handleRequest(null, Object(Config\Cache), false)
 4 FCPATH\index.php(67): CodeIgniter\CodeIgniter->run()
 5 SYSTEMPATH\Commands\Server\rewrite.php(47): require_once('E:\\development\\Proyectos\\UPN212TEZ\\evaldoc_linux\\public\\index.php')
INFO - 2023-08-23 22:34:44 --> Session: Class initialized using 'CodeIgniter\Session\Handlers\FileHandler' driver.
WARNING - 2023-08-23 22:34:44 --> [DEPRECATED] Creation of dynamic property App\Controllers\Admin\ProfesorController::$session is deprecated in APPPATH\Controllers\Admin\ProfesorController.php on line 17.
 1 SYSTEMPATH\CodeIgniter.php(906): App\Controllers\Admin\ProfesorController->__construct()
 2 SYSTEMPATH\CodeIgniter.php(490): CodeIgniter\CodeIgniter->createController()
 3 SYSTEMPATH\CodeIgniter.php(368): CodeIgniter\CodeIgniter->handleRequest(null, Object(Config\Cache), false)
 4 FCPATH\index.php(67): CodeIgniter\CodeIgniter->run()
 5 SYSTEMPATH\Commands\Server\rewrite.php(47): require_once('E:\\development\\Proyectos\\UPN212TEZ\\evaldoc_linux\\public\\index.php')
INFO - 2023-08-23 22:35:00 --> Session: Class initialized using 'CodeIgniter\Session\Handlers\FileHandler' driver.
WARNING - 2023-08-23 22:35:00 --> [DEPRECATED] Creation of dynamic property App\Controllers\Admin\ProfesorController::$session is deprecated in APPPATH\Controllers\Admin\ProfesorController.php on line 17.
 1 SYSTEMPATH\CodeIgniter.php(906): App\Controllers\Admin\ProfesorController->__construct()
 2 SYSTEMPATH\CodeIgniter.php(490): CodeIgniter\CodeIgniter->createController()
 3 SYSTEMPATH\CodeIgniter.php(368): CodeIgniter\CodeIgniter->handleRequest(null, Object(Config\Cache), false)
 4 FCPATH\index.php(67): CodeIgniter\CodeIgniter->run()
 5 SYSTEMPATH\Commands\Server\rewrite.php(47): require_once('E:\\development\\Proyectos\\UPN212TEZ\\evaldoc_linux\\public\\index.php')
INFO - 2023-08-23 22:35:14 --> Session: Class initialized using 'CodeIgniter\Session\Handlers\FileHandler' driver.
WARNING - 2023-08-23 22:35:14 --> [DEPRECATED] Creation of dynamic property App\Controllers\Admin\ProfesorController::$session is deprecated in APPPATH\Controllers\Admin\ProfesorController.php on line 17.
 1 SYSTEMPATH\CodeIgniter.php(906): App\Controllers\Admin\ProfesorController->__construct()
 2 SYSTEMPATH\CodeIgniter.php(490): CodeIgniter\CodeIgniter->createController()
 3 SYSTEMPATH\CodeIgniter.php(368): CodeIgniter\CodeIgniter->handleRequest(null, Object(Config\Cache), false)
 4 FCPATH\index.php(67): CodeIgniter\CodeIgniter->run()
 5 SYSTEMPATH\Commands\Server\rewrite.php(47): require_once('E:\\development\\Proyectos\\UPN212TEZ\\evaldoc_linux\\public\\index.php')
INFO - 2023-08-23 22:36:01 --> Session: Class initialized using 'CodeIgniter\Session\Handlers\FileHandler' driver.
WARNING - 2023-08-23 22:36:01 --> [DEPRECATED] Creation of dynamic property App\Controllers\Admin\ProfesorController::$session is deprecated in APPPATH\Controllers\Admin\ProfesorController.php on line 17.
 1 SYSTEMPATH\CodeIgniter.php(906): App\Controllers\Admin\ProfesorController->__construct()
 2 SYSTEMPATH\CodeIgniter.php(490): CodeIgniter\CodeIgniter->createController()
 3 SYSTEMPATH\CodeIgniter.php(368): CodeIgniter\CodeIgniter->handleRequest(null, Object(Config\Cache), false)
 4 FCPATH\index.php(67): CodeIgniter\CodeIgniter->run()
 5 SYSTEMPATH\Commands\Server\rewrite.php(47): require_once('E:\\development\\Proyectos\\UPN212TEZ\\evaldoc_linux\\public\\index.php')
INFO - 2023-08-23 22:36:11 --> Session: Class initialized using 'CodeIgniter\Session\Handlers\FileHandler' driver.
INFO - 2023-08-23 22:36:11 --> Session: Class initialized using 'CodeIgniter\Session\Handlers\FileHandler' driver.
INFO - 2023-08-23 22:36:17 --> Session: Class initialized using 'CodeIgniter\Session\Handlers\FileHandler' driver.
INFO - 2023-08-23 22:37:12 --> Session: Class initialized using 'CodeIgniter\Session\Handlers\FileHandler' driver.
INFO - 2023-08-23 22:37:17 --> Session: Class initialized using 'CodeIgniter\Session\Handlers\FileHandler' driver.
INFO - 2023-08-23 22:37:18 --> Session: Class initialized using 'CodeIgniter\Session\Handlers\FileHandler' driver.
INFO - 2023-08-23 22:37:22 --> Session: Class initialized using 'CodeIgniter\Session\Handlers\FileHandler' driver.
WARNING - 2023-08-23 22:37:22 --> [DEPRECATED] Creation of dynamic property App\Controllers\Admin\UsuarioController::$session is deprecated in APPPATH\Controllers\Admin\UsuarioController.php on line 17.
 1 SYSTEMPATH\CodeIgniter.php(906): App\Controllers\Admin\UsuarioController->__construct()
 2 SYSTEMPATH\CodeIgniter.php(490): CodeIgniter\CodeIgniter->createController()
 3 SYSTEMPATH\CodeIgniter.php(368): CodeIgniter\CodeIgniter->handleRequest(null, Object(Config\Cache), false)
 4 FCPATH\index.php(67): CodeIgniter\CodeIgniter->run()
 5 SYSTEMPATH\Commands\Server\rewrite.php(47): require_once('E:\\development\\Proyectos\\UPN212TEZ\\evaldoc_linux\\public\\index.php')
INFO - 2023-08-23 22:37:53 --> Session: Class initialized using 'CodeIgniter\Session\Handlers\FileHandler' driver.
WARNING - 2023-08-23 22:37:53 --> [DEPRECATED] Creation of dynamic property App\Controllers\Admin\UsuarioController::$session is deprecated in APPPATH\Controllers\Admin\UsuarioController.php on line 17.
 1 SYSTEMPATH\CodeIgniter.php(906): App\Controllers\Admin\UsuarioController->__construct()
 2 SYSTEMPATH\CodeIgniter.php(490): CodeIgniter\CodeIgniter->createController()
 3 SYSTEMPATH\CodeIgniter.php(368): CodeIgniter\CodeIgniter->handleRequest(null, Object(Config\Cache), false)
 4 FCPATH\index.php(67): CodeIgniter\CodeIgniter->run()
 5 SYSTEMPATH\Commands\Server\rewrite.php(47): require_once('E:\\development\\Proyectos\\UPN212TEZ\\evaldoc_linux\\public\\index.php')
INFO - 2023-08-23 22:38:25 --> Session: Class initialized using 'CodeIgniter\Session\Handlers\FileHandler' driver.
WARNING - 2023-08-23 22:38:25 --> [DEPRECATED] Creation of dynamic property App\Controllers\Admin\UsuarioController::$session is deprecated in APPPATH\Controllers\Admin\UsuarioController.php on line 17.
 1 SYSTEMPATH\CodeIgniter.php(906): App\Controllers\Admin\UsuarioController->__construct()
 2 SYSTEMPATH\CodeIgniter.php(490): CodeIgniter\CodeIgniter->createController()
 3 SYSTEMPATH\CodeIgniter.php(368): CodeIgniter\CodeIgniter->handleRequest(null, Object(Config\Cache), false)
 4 FCPATH\index.php(67): CodeIgniter\CodeIgniter->run()
 5 SYSTEMPATH\Commands\Server\rewrite.php(47): require_once('E:\\development\\Proyectos\\UPN212TEZ\\evaldoc_linux\\public\\index.php')
INFO - 2023-08-23 22:39:43 --> Session: Class initialized using 'CodeIgniter\Session\Handlers\FileHandler' driver.
WARNING - 2023-08-23 22:39:43 --> [DEPRECATED] Creation of dynamic property App\Controllers\Admin\UsuarioController::$session is deprecated in APPPATH\Controllers\Admin\UsuarioController.php on line 17.
 1 SYSTEMPATH\CodeIgniter.php(906): App\Controllers\Admin\UsuarioController->__construct()
 2 SYSTEMPATH\CodeIgniter.php(490): CodeIgniter\CodeIgniter->createController()
 3 SYSTEMPATH\CodeIgniter.php(368): CodeIgniter\CodeIgniter->handleRequest(null, Object(Config\Cache), false)
 4 FCPATH\index.php(67): CodeIgniter\CodeIgniter->run()
 5 SYSTEMPATH\Commands\Server\rewrite.php(47): require_once('E:\\development\\Proyectos\\UPN212TEZ\\evaldoc_linux\\public\\index.php')
INFO - 2023-08-23 22:39:52 --> Session: Class initialized using 'CodeIgniter\Session\Handlers\FileHandler' driver.
INFO - 2023-08-23 22:40:04 --> Session: Class initialized using 'CodeIgniter\Session\Handlers\FileHandler' driver.
INFO - 2023-08-23 22:40:13 --> Session: Class initialized using 'CodeIgniter\Session\Handlers\FileHandler' driver.
INFO - 2023-08-23 22:40:48 --> Session: Class initialized using 'CodeIgniter\Session\Handlers\FileHandler' driver.
INFO - 2023-08-23 22:41:13 --> Session: Class initialized using 'CodeIgniter\Session\Handlers\FileHandler' driver.
INFO - 2023-08-23 22:41:13 --> Session: Class initialized using 'CodeIgniter\Session\Handlers\FileHandler' driver.
INFO - 2023-08-23 22:43:38 --> Session: Class initialized using 'CodeIgniter\Session\Handlers\FileHandler' driver.
INFO - 2023-08-23 22:45:13 --> Session: Class initialized using 'CodeIgniter\Session\Handlers\FileHandler' driver.
INFO - 2023-08-23 22:45:23 --> Session: Class initialized using 'CodeIgniter\Session\Handlers\FileHandler' driver.
INFO - 2023-08-23 22:53:19 --> Session: Class initialized using 'CodeIgniter\Session\Handlers\FileHandler' driver.
INFO - 2023-08-23 22:53:56 --> Session: Class initialized using 'CodeIgniter\Session\Handlers\FileHandler' driver.
INFO - 2023-08-23 22:53:56 --> Session: Class initialized using 'CodeIgniter\Session\Handlers\FileHandler' driver.
INFO - 2023-08-23 22:54:06 --> Session: Class initialized using 'CodeIgniter\Session\Handlers\FileHandler' driver.
INFO - 2023-08-23 22:54:30 --> Session: Class initialized using 'CodeIgniter\Session\Handlers\FileHandler' driver.
INFO - 2023-08-23 22:55:52 --> Session: Class initialized using 'CodeIgniter\Session\Handlers\FileHandler' driver.
INFO - 2023-08-23 22:57:15 --> Session: Class initialized using 'CodeIgniter\Session\Handlers\FileHandler' driver.
INFO - 2023-08-23 22:57:25 --> Session: Class initialized using 'CodeIgniter\Session\Handlers\FileHandler' driver.
INFO - 2023-08-23 22:58:08 --> Session: Class initialized using 'CodeIgniter\Session\Handlers\FileHandler' driver.
INFO - 2023-08-23 22:58:52 --> Session: Class initialized using 'CodeIgniter\Session\Handlers\FileHandler' driver.
INFO - 2023-08-23 22:59:11 --> Session: Class initialized using 'CodeIgniter\Session\Handlers\FileHandler' driver.
INFO - 2023-08-23 22:59:25 --> Session: Class initialized using 'CodeIgniter\Session\Handlers\FileHandler' driver.
INFO - 2023-08-23 22:59:35 --> Session: Class initialized using 'CodeIgniter\Session\Handlers\FileHandler' driver.
INFO - 2023-08-23 23:01:34 --> Session: Class initialized using 'CodeIgniter\Session\Handlers\FileHandler' driver.
INFO - 2023-08-23 23:02:16 --> Session: Class initialized using 'CodeIgniter\Session\Handlers\FileHandler' driver.
INFO - 2023-08-23 23:02:43 --> Session: Class initialized using 'CodeIgniter\Session\Handlers\FileHandler' driver.
INFO - 2023-08-23 23:02:46 --> Session: Class initialized using 'CodeIgniter\Session\Handlers\FileHandler' driver.
INFO - 2023-08-23 23:03:08 --> Session: Class initialized using 'CodeIgniter\Session\Handlers\FileHandler' driver.
INFO - 2023-08-23 23:03:18 --> Session: Class initialized using 'CodeIgniter\Session\Handlers\FileHandler' driver.
INFO - 2023-08-23 23:03:27 --> Session: Class initialized using 'CodeIgniter\Session\Handlers\FileHandler' driver.
INFO - 2023-08-23 23:03:34 --> Session: Class initialized using 'CodeIgniter\Session\Handlers\FileHandler' driver.
INFO - 2023-08-23 23:03:35 --> Session: Class initialized using 'CodeIgniter\Session\Handlers\FileHandler' driver.
CRITICAL - 2023-08-23 23:03:35 --> syntax error, unexpected token "}"
in APPPATH\Controllers\Admin\EvaluacionController.php on line 117.
 1 SYSTEMPATH\Autoloader\Autoloader.php(289): CodeIgniter\Autoloader\Autoloader->includeFile('E:\\development\\Proyectos\\UPN212TEZ\\evaldoc_linux\\app\\Controllers\\Admin\\EvaluacionController.php')
 2 SYSTEMPATH\Autoloader\Autoloader.php(267): CodeIgniter\Autoloader\Autoloader->loadInNamespace('App\\Controllers\\Admin\\EvaluacionController')
 3 [internal function]: CodeIgniter\Autoloader\Autoloader->loadClass('App\\Controllers\\Admin\\EvaluacionController')
 4 SYSTEMPATH\CodeIgniter.php(892): class_exists('\\App\\Controllers\\Admin\\EvaluacionController', true)
 5 SYSTEMPATH\CodeIgniter.php(486): CodeIgniter\CodeIgniter->startController()
 6 SYSTEMPATH\CodeIgniter.php(368): CodeIgniter\CodeIgniter->handleRequest(null, Object(Config\Cache), false)
 7 FCPATH\index.php(67): CodeIgniter\CodeIgniter->run()
 8 SYSTEMPATH\Commands\Server\rewrite.php(47): require_once('E:\\development\\Proyectos\\UPN212TEZ\\evaldoc_linux\\public\\index.php')
INFO - 2023-08-23 23:03:38 --> Session: Class initialized using 'CodeIgniter\Session\Handlers\FileHandler' driver.
INFO - 2023-08-23 23:03:39 --> Session: Class initialized using 'CodeIgniter\Session\Handlers\FileHandler' driver.
INFO - 2023-08-23 23:03:41 --> Session: Class initialized using 'CodeIgniter\Session\Handlers\FileHandler' driver.
CRITICAL - 2023-08-23 23:03:41 --> syntax error, unexpected token "}"
in APPPATH\Controllers\Admin\EvaluacionController.php on line 117.
 1 SYSTEMPATH\Autoloader\Autoloader.php(289): CodeIgniter\Autoloader\Autoloader->includeFile('E:\\development\\Proyectos\\UPN212TEZ\\evaldoc_linux\\app\\Controllers\\Admin\\EvaluacionController.php')
 2 SYSTEMPATH\Autoloader\Autoloader.php(267): CodeIgniter\Autoloader\Autoloader->loadInNamespace('App\\Controllers\\Admin\\EvaluacionController')
 3 [internal function]: CodeIgniter\Autoloader\Autoloader->loadClass('App\\Controllers\\Admin\\EvaluacionController')
 4 SYSTEMPATH\CodeIgniter.php(892): class_exists('\\App\\Controllers\\Admin\\EvaluacionController', true)
 5 SYSTEMPATH\CodeIgniter.php(486): CodeIgniter\CodeIgniter->startController()
 6 SYSTEMPATH\CodeIgniter.php(368): CodeIgniter\CodeIgniter->handleRequest(null, Object(Config\Cache), false)
 7 FCPATH\index.php(67): CodeIgniter\CodeIgniter->run()
 8 SYSTEMPATH\Commands\Server\rewrite.php(47): require_once('E:\\development\\Proyectos\\UPN212TEZ\\evaldoc_linux\\public\\index.php')
INFO - 2023-08-23 23:04:19 --> Session: Class initialized using 'CodeIgniter\Session\Handlers\FileHandler' driver.
CRITICAL - 2023-08-23 23:04:19 --> syntax error, unexpected token "}"
in APPPATH\Controllers\Admin\EvaluacionController.php on line 117.
 1 SYSTEMPATH\Autoloader\Autoloader.php(289): CodeIgniter\Autoloader\Autoloader->includeFile('E:\\development\\Proyectos\\UPN212TEZ\\evaldoc_linux\\app\\Controllers\\Admin\\EvaluacionController.php')
 2 SYSTEMPATH\Autoloader\Autoloader.php(267): CodeIgniter\Autoloader\Autoloader->loadInNamespace('App\\Controllers\\Admin\\EvaluacionController')
 3 [internal function]: CodeIgniter\Autoloader\Autoloader->loadClass('App\\Controllers\\Admin\\EvaluacionController')
 4 SYSTEMPATH\CodeIgniter.php(892): class_exists('\\App\\Controllers\\Admin\\EvaluacionController', true)
 5 SYSTEMPATH\CodeIgniter.php(486): CodeIgniter\CodeIgniter->startController()
 6 SYSTEMPATH\CodeIgniter.php(368): CodeIgniter\CodeIgniter->handleRequest(null, Object(Config\Cache), false)
 7 FCPATH\index.php(67): CodeIgniter\CodeIgniter->run()
 8 SYSTEMPATH\Commands\Server\rewrite.php(47): require_once('E:\\development\\Proyectos\\UPN212TEZ\\evaldoc_linux\\public\\index.php')
INFO - 2023-08-23 23:04:20 --> Session: Class initialized using 'CodeIgniter\Session\Handlers\FileHandler' driver.
INFO - 2023-08-23 23:04:21 --> Session: Class initialized using 'CodeIgniter\Session\Handlers\FileHandler' driver.
INFO - 2023-08-23 23:04:23 --> Session: Class initialized using 'CodeIgniter\Session\Handlers\FileHandler' driver.
CRITICAL - 2023-08-23 23:04:23 --> syntax error, unexpected token "}"
in APPPATH\Controllers\Admin\EvaluacionController.php on line 117.
 1 SYSTEMPATH\Autoloader\Autoloader.php(289): CodeIgniter\Autoloader\Autoloader->includeFile('E:\\development\\Proyectos\\UPN212TEZ\\evaldoc_linux\\app\\Controllers\\Admin\\EvaluacionController.php')
 2 SYSTEMPATH\Autoloader\Autoloader.php(267): CodeIgniter\Autoloader\Autoloader->loadInNamespace('App\\Controllers\\Admin\\EvaluacionController')
 3 [internal function]: CodeIgniter\Autoloader\Autoloader->loadClass('App\\Controllers\\Admin\\EvaluacionController')
 4 SYSTEMPATH\CodeIgniter.php(892): class_exists('\\App\\Controllers\\Admin\\EvaluacionController', true)
 5 SYSTEMPATH\CodeIgniter.php(486): CodeIgniter\CodeIgniter->startController()
 6 SYSTEMPATH\CodeIgniter.php(368): CodeIgniter\CodeIgniter->handleRequest(null, Object(Config\Cache), false)
 7 FCPATH\index.php(67): CodeIgniter\CodeIgniter->run()
 8 SYSTEMPATH\Commands\Server\rewrite.php(47): require_once('E:\\development\\Proyectos\\UPN212TEZ\\evaldoc_linux\\public\\index.php')
INFO - 2023-08-23 23:04:59 --> Session: Class initialized using 'CodeIgniter\Session\Handlers\FileHandler' driver.
INFO - 2023-08-23 23:05:01 --> Session: Class initialized using 'CodeIgniter\Session\Handlers\FileHandler' driver.
INFO - 2023-08-23 23:09:31 --> Session: Class initialized using 'CodeIgniter\Session\Handlers\FileHandler' driver.
INFO - 2023-08-23 23:09:53 --> Session: Class initialized using 'CodeIgniter\Session\Handlers\FileHandler' driver.
INFO - 2023-08-23 23:10:33 --> Session: Class initialized using 'CodeIgniter\Session\Handlers\FileHandler' driver.
INFO - 2023-08-23 23:10:49 --> Session: Class initialized using 'CodeIgniter\Session\Handlers\FileHandler' driver.
INFO - 2023-08-23 23:11:00 --> Session: Class initialized using 'CodeIgniter\Session\Handlers\FileHandler' driver.
INFO - 2023-08-23 23:11:17 --> Session: Class initialized using 'CodeIgniter\Session\Handlers\FileHandler' driver.
INFO - 2023-08-23 23:11:32 --> Session: Class initialized using 'CodeIgniter\Session\Handlers\FileHandler' driver.
INFO - 2023-08-23 23:11:49 --> Session: Class initialized using 'CodeIgniter\Session\Handlers\FileHandler' driver.
INFO - 2023-08-23 23:11:51 --> Session: Class initialized using 'CodeIgniter\Session\Handlers\FileHandler' driver.
INFO - 2023-08-23 23:12:32 --> Session: Class initialized using 'CodeIgniter\Session\Handlers\FileHandler' driver.
INFO - 2023-08-23 23:12:43 --> Session: Class initialized using 'CodeIgniter\Session\Handlers\FileHandler' driver.
INFO - 2023-08-23 23:12:44 --> Session: Class initialized using 'CodeIgniter\Session\Handlers\FileHandler' driver.
INFO - 2023-08-23 23:12:45 --> Session: Class initialized using 'CodeIgniter\Session\Handlers\FileHandler' driver.
INFO - 2023-08-23 23:13:06 --> Session: Class initialized using 'CodeIgniter\Session\Handlers\FileHandler' driver.
INFO - 2023-08-23 23:13:36 --> Session: Class initialized using 'CodeIgniter\Session\Handlers\FileHandler' driver.
INFO - 2023-08-23 23:14:15 --> Session: Class initialized using 'CodeIgniter\Session\Handlers\FileHandler' driver.
INFO - 2023-08-23 23:14:26 --> Session: Class initialized using 'CodeIgniter\Session\Handlers\FileHandler' driver.
INFO - 2023-08-23 23:14:34 --> Session: Class initialized using 'CodeIgniter\Session\Handlers\FileHandler' driver.
INFO - 2023-08-23 23:15:07 --> Session: Class initialized using 'CodeIgniter\Session\Handlers\FileHandler' driver.
INFO - 2023-08-23 23:15:24 --> Session: Class initialized using 'CodeIgniter\Session\Handlers\FileHandler' driver.
INFO - 2023-08-23 23:15:51 --> Session: Class initialized using 'CodeIgniter\Session\Handlers\FileHandler' driver.
INFO - 2023-08-23 23:16:21 --> Session: Class initialized using 'CodeIgniter\Session\Handlers\FileHandler' driver.
INFO - 2023-08-23 23:16:33 --> Session: Class initialized using 'CodeIgniter\Session\Handlers\FileHandler' driver.
INFO - 2023-08-23 23:16:49 --> Session: Class initialized using 'CodeIgniter\Session\Handlers\FileHandler' driver.
INFO - 2023-08-23 23:17:00 --> Session: Class initialized using 'CodeIgniter\Session\Handlers\FileHandler' driver.
INFO - 2023-08-23 23:17:20 --> Session: Class initialized using 'CodeIgniter\Session\Handlers\FileHandler' driver.
INFO - 2023-08-23 23:17:31 --> Session: Class initialized using 'CodeIgniter\Session\Handlers\FileHandler' driver.
INFO - 2023-08-23 23:17:38 --> Session: Class initialized using 'CodeIgniter\Session\Handlers\FileHandler' driver.
INFO - 2023-08-23 23:17:56 --> Session: Class initialized using 'CodeIgniter\Session\Handlers\FileHandler' driver.
INFO - 2023-08-23 23:17:56 --> Session: Class initialized using 'CodeIgniter\Session\Handlers\FileHandler' driver.
