INFO - 2023-09-19 00:03:41 --> Session: Class initialized using 'CodeIgniter\Session\Handlers\FileHandler' driver.
WARNING - 2023-09-19 00:03:41 --> [DEPRECATED] Function strftime() is deprecated in APPPATH\Controllers\Admin\EvaluacionController.php on line 1428.
 1 SYSTEMPATH\CodeIgniter.php(934): App\Controllers\Admin\EvaluacionController->downloadTeacherReport('1')
 2 SYSTEMPATH\CodeIgniter.php(499): CodeIgniter\CodeIgniter->runController(Object(App\Controllers\Admin\EvaluacionController))
 3 SYSTEMPATH\CodeIgniter.php(368): CodeIgniter\CodeIgniter->handleRequest(null, Object(Config\Cache), false)
 4 FCPATH\index.php(67): CodeIgniter\CodeIgniter->run()
 5 SYSTEMPATH\Commands\Server\rewrite.php(47): require_once('E:\\development\\Proyectos\\UPN212TEZ\\evaldoc_linux\\public\\index.php')
INFO - 2023-09-19 00:04:13 --> Session: Class initialized using 'CodeIgniter\Session\Handlers\FileHandler' driver.
WARNING - 2023-09-19 00:04:13 --> [DEPRECATED] Function strftime() is deprecated in APPPATH\Controllers\Admin\EvaluacionController.php on line 1428.
 1 SYSTEMPATH\CodeIgniter.php(934): App\Controllers\Admin\EvaluacionController->downloadTeacherReport('2')
 2 SYSTEMPATH\CodeIgniter.php(499): CodeIgniter\CodeIgniter->runController(Object(App\Controllers\Admin\EvaluacionController))
 3 SYSTEMPATH\CodeIgniter.php(368): CodeIgniter\CodeIgniter->handleRequest(null, Object(Config\Cache), false)
 4 FCPATH\index.php(67): CodeIgniter\CodeIgniter->run()
 5 SYSTEMPATH\Commands\Server\rewrite.php(47): require_once('E:\\development\\Proyectos\\UPN212TEZ\\evaldoc_linux\\public\\index.php')
INFO - 2023-09-19 00:04:46 --> Session: Class initialized using 'CodeIgniter\Session\Handlers\FileHandler' driver.
WARNING - 2023-09-19 00:04:46 --> [DEPRECATED] Function strftime() is deprecated in APPPATH\Controllers\Admin\EvaluacionController.php on line 1428.
 1 SYSTEMPATH\CodeIgniter.php(934): App\Controllers\Admin\EvaluacionController->downloadTeacherReport('2')
 2 SYSTEMPATH\CodeIgniter.php(499): CodeIgniter\CodeIgniter->runController(Object(App\Controllers\Admin\EvaluacionController))
 3 SYSTEMPATH\CodeIgniter.php(368): CodeIgniter\CodeIgniter->handleRequest(null, Object(Config\Cache), false)
 4 FCPATH\index.php(67): CodeIgniter\CodeIgniter->run()
 5 SYSTEMPATH\Commands\Server\rewrite.php(47): require_once('E:\\development\\Proyectos\\UPN212TEZ\\evaldoc_linux\\public\\index.php')
INFO - 2023-09-19 00:05:00 --> Session: Class initialized using 'CodeIgniter\Session\Handlers\FileHandler' driver.
WARNING - 2023-09-19 00:05:01 --> [DEPRECATED] Function strftime() is deprecated in APPPATH\Controllers\Admin\EvaluacionController.php on line 1428.
 1 SYSTEMPATH\CodeIgniter.php(934): App\Controllers\Admin\EvaluacionController->downloadTeacherReport('1')
 2 SYSTEMPATH\CodeIgniter.php(499): CodeIgniter\CodeIgniter->runController(Object(App\Controllers\Admin\EvaluacionController))
 3 SYSTEMPATH\CodeIgniter.php(368): CodeIgniter\CodeIgniter->handleRequest(null, Object(Config\Cache), false)
 4 FCPATH\index.php(67): CodeIgniter\CodeIgniter->run()
 5 SYSTEMPATH\Commands\Server\rewrite.php(47): require_once('E:\\development\\Proyectos\\UPN212TEZ\\evaldoc_linux\\public\\index.php')
INFO - 2023-09-19 00:05:29 --> Session: Class initialized using 'CodeIgniter\Session\Handlers\FileHandler' driver.
WARNING - 2023-09-19 00:05:29 --> [DEPRECATED] Function strftime() is deprecated in APPPATH\Controllers\Admin\EvaluacionController.php on line 1428.
 1 SYSTEMPATH\CodeIgniter.php(934): App\Controllers\Admin\EvaluacionController->downloadTeacherReport('1')
 2 SYSTEMPATH\CodeIgniter.php(499): CodeIgniter\CodeIgniter->runController(Object(App\Controllers\Admin\EvaluacionController))
 3 SYSTEMPATH\CodeIgniter.php(368): CodeIgniter\CodeIgniter->handleRequest(null, Object(Config\Cache), false)
 4 FCPATH\index.php(67): CodeIgniter\CodeIgniter->run()
 5 SYSTEMPATH\Commands\Server\rewrite.php(47): require_once('E:\\development\\Proyectos\\UPN212TEZ\\evaldoc_linux\\public\\index.php')
INFO - 2023-09-19 00:05:55 --> Session: Class initialized using 'CodeIgniter\Session\Handlers\FileHandler' driver.
WARNING - 2023-09-19 00:05:55 --> [DEPRECATED] Function strftime() is deprecated in APPPATH\Controllers\Admin\EvaluacionController.php on line 1428.
 1 SYSTEMPATH\CodeIgniter.php(934): App\Controllers\Admin\EvaluacionController->downloadTeacherReport('1')
 2 SYSTEMPATH\CodeIgniter.php(499): CodeIgniter\CodeIgniter->runController(Object(App\Controllers\Admin\EvaluacionController))
 3 SYSTEMPATH\CodeIgniter.php(368): CodeIgniter\CodeIgniter->handleRequest(null, Object(Config\Cache), false)
 4 FCPATH\index.php(67): CodeIgniter\CodeIgniter->run()
 5 SYSTEMPATH\Commands\Server\rewrite.php(47): require_once('E:\\development\\Proyectos\\UPN212TEZ\\evaldoc_linux\\public\\index.php')
INFO - 2023-09-19 00:06:33 --> Session: Class initialized using 'CodeIgniter\Session\Handlers\FileHandler' driver.
WARNING - 2023-09-19 00:06:34 --> [DEPRECATED] Function strftime() is deprecated in APPPATH\Controllers\Admin\EvaluacionController.php on line 1428.
 1 SYSTEMPATH\CodeIgniter.php(934): App\Controllers\Admin\EvaluacionController->downloadTeacherReport('1')
 2 SYSTEMPATH\CodeIgniter.php(499): CodeIgniter\CodeIgniter->runController(Object(App\Controllers\Admin\EvaluacionController))
 3 SYSTEMPATH\CodeIgniter.php(368): CodeIgniter\CodeIgniter->handleRequest(null, Object(Config\Cache), false)
 4 FCPATH\index.php(67): CodeIgniter\CodeIgniter->run()
 5 SYSTEMPATH\Commands\Server\rewrite.php(47): require_once('E:\\development\\Proyectos\\UPN212TEZ\\evaldoc_linux\\public\\index.php')
INFO - 2023-09-19 00:08:17 --> Session: Class initialized using 'CodeIgniter\Session\Handlers\FileHandler' driver.
WARNING - 2023-09-19 00:08:17 --> [DEPRECATED] Function strftime() is deprecated in APPPATH\Controllers\Admin\EvaluacionController.php on line 1428.
 1 SYSTEMPATH\CodeIgniter.php(934): App\Controllers\Admin\EvaluacionController->downloadTeacherReport('1')
 2 SYSTEMPATH\CodeIgniter.php(499): CodeIgniter\CodeIgniter->runController(Object(App\Controllers\Admin\EvaluacionController))
 3 SYSTEMPATH\CodeIgniter.php(368): CodeIgniter\CodeIgniter->handleRequest(null, Object(Config\Cache), false)
 4 FCPATH\index.php(67): CodeIgniter\CodeIgniter->run()
 5 SYSTEMPATH\Commands\Server\rewrite.php(47): require_once('E:\\development\\Proyectos\\UPN212TEZ\\evaldoc_linux\\public\\index.php')
INFO - 2023-09-19 00:08:45 --> Session: Class initialized using 'CodeIgniter\Session\Handlers\FileHandler' driver.
WARNING - 2023-09-19 00:08:46 --> [DEPRECATED] Function strftime() is deprecated in APPPATH\Controllers\Admin\EvaluacionController.php on line 1428.
 1 SYSTEMPATH\CodeIgniter.php(934): App\Controllers\Admin\EvaluacionController->downloadTeacherReport('1')
 2 SYSTEMPATH\CodeIgniter.php(499): CodeIgniter\CodeIgniter->runController(Object(App\Controllers\Admin\EvaluacionController))
 3 SYSTEMPATH\CodeIgniter.php(368): CodeIgniter\CodeIgniter->handleRequest(null, Object(Config\Cache), false)
 4 FCPATH\index.php(67): CodeIgniter\CodeIgniter->run()
 5 SYSTEMPATH\Commands\Server\rewrite.php(47): require_once('E:\\development\\Proyectos\\UPN212TEZ\\evaldoc_linux\\public\\index.php')
INFO - 2023-09-19 00:09:19 --> Session: Class initialized using 'CodeIgniter\Session\Handlers\FileHandler' driver.
WARNING - 2023-09-19 00:09:19 --> [DEPRECATED] Function strftime() is deprecated in APPPATH\Controllers\Admin\EvaluacionController.php on line 1428.
 1 SYSTEMPATH\CodeIgniter.php(934): App\Controllers\Admin\EvaluacionController->downloadTeacherReport('1')
 2 SYSTEMPATH\CodeIgniter.php(499): CodeIgniter\CodeIgniter->runController(Object(App\Controllers\Admin\EvaluacionController))
 3 SYSTEMPATH\CodeIgniter.php(368): CodeIgniter\CodeIgniter->handleRequest(null, Object(Config\Cache), false)
 4 FCPATH\index.php(67): CodeIgniter\CodeIgniter->run()
 5 SYSTEMPATH\Commands\Server\rewrite.php(47): require_once('E:\\development\\Proyectos\\UPN212TEZ\\evaldoc_linux\\public\\index.php')
INFO - 2023-09-19 00:10:02 --> Session: Class initialized using 'CodeIgniter\Session\Handlers\FileHandler' driver.
WARNING - 2023-09-19 00:10:02 --> [DEPRECATED] Function strftime() is deprecated in APPPATH\Controllers\Admin\EvaluacionController.php on line 1428.
 1 SYSTEMPATH\CodeIgniter.php(934): App\Controllers\Admin\EvaluacionController->downloadTeacherReport('1')
 2 SYSTEMPATH\CodeIgniter.php(499): CodeIgniter\CodeIgniter->runController(Object(App\Controllers\Admin\EvaluacionController))
 3 SYSTEMPATH\CodeIgniter.php(368): CodeIgniter\CodeIgniter->handleRequest(null, Object(Config\Cache), false)
 4 FCPATH\index.php(67): CodeIgniter\CodeIgniter->run()
 5 SYSTEMPATH\Commands\Server\rewrite.php(47): require_once('E:\\development\\Proyectos\\UPN212TEZ\\evaldoc_linux\\public\\index.php')
INFO - 2023-09-19 00:10:21 --> Session: Class initialized using 'CodeIgniter\Session\Handlers\FileHandler' driver.
WARNING - 2023-09-19 00:10:21 --> [DEPRECATED] Function strftime() is deprecated in APPPATH\Controllers\Admin\EvaluacionController.php on line 1428.
 1 SYSTEMPATH\CodeIgniter.php(934): App\Controllers\Admin\EvaluacionController->downloadTeacherReport('1')
 2 SYSTEMPATH\CodeIgniter.php(499): CodeIgniter\CodeIgniter->runController(Object(App\Controllers\Admin\EvaluacionController))
 3 SYSTEMPATH\CodeIgniter.php(368): CodeIgniter\CodeIgniter->handleRequest(null, Object(Config\Cache), false)
 4 FCPATH\index.php(67): CodeIgniter\CodeIgniter->run()
 5 SYSTEMPATH\Commands\Server\rewrite.php(47): require_once('E:\\development\\Proyectos\\UPN212TEZ\\evaldoc_linux\\public\\index.php')
INFO - 2023-09-19 00:10:44 --> Session: Class initialized using 'CodeIgniter\Session\Handlers\FileHandler' driver.
WARNING - 2023-09-19 00:10:44 --> [DEPRECATED] Function strftime() is deprecated in APPPATH\Controllers\Admin\EvaluacionController.php on line 1428.
 1 SYSTEMPATH\CodeIgniter.php(934): App\Controllers\Admin\EvaluacionController->downloadTeacherReport('1')
 2 SYSTEMPATH\CodeIgniter.php(499): CodeIgniter\CodeIgniter->runController(Object(App\Controllers\Admin\EvaluacionController))
 3 SYSTEMPATH\CodeIgniter.php(368): CodeIgniter\CodeIgniter->handleRequest(null, Object(Config\Cache), false)
 4 FCPATH\index.php(67): CodeIgniter\CodeIgniter->run()
 5 SYSTEMPATH\Commands\Server\rewrite.php(47): require_once('E:\\development\\Proyectos\\UPN212TEZ\\evaldoc_linux\\public\\index.php')
INFO - 2023-09-19 00:21:19 --> Session: Class initialized using 'CodeIgniter\Session\Handlers\FileHandler' driver.
WARNING - 2023-09-19 00:21:19 --> [DEPRECATED] Function strftime() is deprecated in APPPATH\Controllers\Admin\EvaluacionController.php on line 1428.
 1 SYSTEMPATH\CodeIgniter.php(934): App\Controllers\Admin\EvaluacionController->downloadTeacherReport('1')
 2 SYSTEMPATH\CodeIgniter.php(499): CodeIgniter\CodeIgniter->runController(Object(App\Controllers\Admin\EvaluacionController))
 3 SYSTEMPATH\CodeIgniter.php(368): CodeIgniter\CodeIgniter->handleRequest(null, Object(Config\Cache), false)
 4 FCPATH\index.php(67): CodeIgniter\CodeIgniter->run()
 5 SYSTEMPATH\Commands\Server\rewrite.php(47): require_once('E:\\development\\Proyectos\\UPN212TEZ\\evaldoc_linux\\public\\index.php')
CRITICAL - 2023-09-19 00:21:19 --> Undefined variable $chart
in APPPATH\Controllers\Admin\EvaluacionController.php on line 1646.
 1 APPPATH\Controllers\Admin\EvaluacionController.php(1646): CodeIgniter\Debug\Exceptions->errorHandler(2, 'Undefined variable $chart', 'E:\\development\\Proyectos\\UPN212TEZ\\evaldoc_linux\\app\\Controllers\\Admin\\EvaluacionController.php', 1646)
 2 SYSTEMPATH\CodeIgniter.php(934): App\Controllers\Admin\EvaluacionController->downloadTeacherReport('1')
 3 SYSTEMPATH\CodeIgniter.php(499): CodeIgniter\CodeIgniter->runController(Object(App\Controllers\Admin\EvaluacionController))
 4 SYSTEMPATH\CodeIgniter.php(368): CodeIgniter\CodeIgniter->handleRequest(null, Object(Config\Cache), false)
 5 FCPATH\index.php(67): CodeIgniter\CodeIgniter->run()
 6 SYSTEMPATH\Commands\Server\rewrite.php(47): require_once('E:\\development\\Proyectos\\UPN212TEZ\\evaldoc_linux\\public\\index.php')
INFO - 2023-09-19 00:21:46 --> Session: Class initialized using 'CodeIgniter\Session\Handlers\FileHandler' driver.
WARNING - 2023-09-19 00:21:46 --> [DEPRECATED] Function strftime() is deprecated in APPPATH\Controllers\Admin\EvaluacionController.php on line 1428.
 1 SYSTEMPATH\CodeIgniter.php(934): App\Controllers\Admin\EvaluacionController->downloadTeacherReport('1')
 2 SYSTEMPATH\CodeIgniter.php(499): CodeIgniter\CodeIgniter->runController(Object(App\Controllers\Admin\EvaluacionController))
 3 SYSTEMPATH\CodeIgniter.php(368): CodeIgniter\CodeIgniter->handleRequest(null, Object(Config\Cache), false)
 4 FCPATH\index.php(67): CodeIgniter\CodeIgniter->run()
 5 SYSTEMPATH\Commands\Server\rewrite.php(47): require_once('E:\\development\\Proyectos\\UPN212TEZ\\evaldoc_linux\\public\\index.php')
CRITICAL - 2023-09-19 00:21:46 --> Call to undefined method TCPDF::BarChart()
in APPPATH\Controllers\Admin\EvaluacionController.php on line 1646.
 1 SYSTEMPATH\CodeIgniter.php(934): App\Controllers\Admin\EvaluacionController->downloadTeacherReport('1')
 2 SYSTEMPATH\CodeIgniter.php(499): CodeIgniter\CodeIgniter->runController(Object(App\Controllers\Admin\EvaluacionController))
 3 SYSTEMPATH\CodeIgniter.php(368): CodeIgniter\CodeIgniter->handleRequest(null, Object(Config\Cache), false)
 4 FCPATH\index.php(67): CodeIgniter\CodeIgniter->run()
 5 SYSTEMPATH\Commands\Server\rewrite.php(47): require_once('E:\\development\\Proyectos\\UPN212TEZ\\evaldoc_linux\\public\\index.php')
INFO - 2023-09-19 00:23:52 --> Session: Class initialized using 'CodeIgniter\Session\Handlers\FileHandler' driver.
WARNING - 2023-09-19 00:23:52 --> [DEPRECATED] Function strftime() is deprecated in APPPATH\Controllers\Admin\EvaluacionController.php on line 1428.
 1 SYSTEMPATH\CodeIgniter.php(934): App\Controllers\Admin\EvaluacionController->downloadTeacherReport('1')
 2 SYSTEMPATH\CodeIgniter.php(499): CodeIgniter\CodeIgniter->runController(Object(App\Controllers\Admin\EvaluacionController))
 3 SYSTEMPATH\CodeIgniter.php(368): CodeIgniter\CodeIgniter->handleRequest(null, Object(Config\Cache), false)
 4 FCPATH\index.php(67): CodeIgniter\CodeIgniter->run()
 5 SYSTEMPATH\Commands\Server\rewrite.php(47): require_once('E:\\development\\Proyectos\\UPN212TEZ\\evaldoc_linux\\public\\index.php')
CRITICAL - 2023-09-19 00:23:52 --> Call to undefined function App\Controllers\Admin\imagecreate()
in APPPATH\Controllers\Admin\EvaluacionController.php on line 1635.
 1 SYSTEMPATH\CodeIgniter.php(934): App\Controllers\Admin\EvaluacionController->downloadTeacherReport('1')
 2 SYSTEMPATH\CodeIgniter.php(499): CodeIgniter\CodeIgniter->runController(Object(App\Controllers\Admin\EvaluacionController))
 3 SYSTEMPATH\CodeIgniter.php(368): CodeIgniter\CodeIgniter->handleRequest(null, Object(Config\Cache), false)
 4 FCPATH\index.php(67): CodeIgniter\CodeIgniter->run()
 5 SYSTEMPATH\Commands\Server\rewrite.php(47): require_once('E:\\development\\Proyectos\\UPN212TEZ\\evaldoc_linux\\public\\index.php')
INFO - 2023-09-19 00:30:10 --> Session: Class initialized using 'CodeIgniter\Session\Handlers\FileHandler' driver.
WARNING - 2023-09-19 00:30:10 --> [DEPRECATED] Function strftime() is deprecated in APPPATH\Controllers\Admin\EvaluacionController.php on line 1428.
 1 SYSTEMPATH\CodeIgniter.php(934): App\Controllers\Admin\EvaluacionController->downloadTeacherReport('1')
 2 SYSTEMPATH\CodeIgniter.php(499): CodeIgniter\CodeIgniter->runController(Object(App\Controllers\Admin\EvaluacionController))
 3 SYSTEMPATH\CodeIgniter.php(368): CodeIgniter\CodeIgniter->handleRequest(null, Object(Config\Cache), false)
 4 FCPATH\index.php(67): CodeIgniter\CodeIgniter->run()
 5 SYSTEMPATH\Commands\Server\rewrite.php(47): require_once('E:\\development\\Proyectos\\UPN212TEZ\\evaldoc_linux\\public\\index.php')
INFO - 2023-09-19 00:33:19 --> Session: Class initialized using 'CodeIgniter\Session\Handlers\FileHandler' driver.
WARNING - 2023-09-19 00:33:20 --> [DEPRECATED] Function strftime() is deprecated in APPPATH\Controllers\Admin\EvaluacionController.php on line 1428.
 1 SYSTEMPATH\CodeIgniter.php(934): App\Controllers\Admin\EvaluacionController->downloadTeacherReport('20')
 2 SYSTEMPATH\CodeIgniter.php(499): CodeIgniter\CodeIgniter->runController(Object(App\Controllers\Admin\EvaluacionController))
 3 SYSTEMPATH\CodeIgniter.php(368): CodeIgniter\CodeIgniter->handleRequest(null, Object(Config\Cache), false)
 4 FCPATH\index.php(67): CodeIgniter\CodeIgniter->run()
 5 SYSTEMPATH\Commands\Server\rewrite.php(47): require_once('E:\\development\\Proyectos\\UPN212TEZ\\evaldoc_linux\\public\\index.php')
INFO - 2023-09-19 00:34:11 --> Session: Class initialized using 'CodeIgniter\Session\Handlers\FileHandler' driver.
WARNING - 2023-09-19 00:34:11 --> [DEPRECATED] Function strftime() is deprecated in APPPATH\Controllers\Admin\EvaluacionController.php on line 1428.
 1 SYSTEMPATH\CodeIgniter.php(934): App\Controllers\Admin\EvaluacionController->downloadTeacherReport('20')
 2 SYSTEMPATH\CodeIgniter.php(499): CodeIgniter\CodeIgniter->runController(Object(App\Controllers\Admin\EvaluacionController))
 3 SYSTEMPATH\CodeIgniter.php(368): CodeIgniter\CodeIgniter->handleRequest(null, Object(Config\Cache), false)
 4 FCPATH\index.php(67): CodeIgniter\CodeIgniter->run()
 5 SYSTEMPATH\Commands\Server\rewrite.php(47): require_once('E:\\development\\Proyectos\\UPN212TEZ\\evaldoc_linux\\public\\index.php')
INFO - 2023-09-19 00:34:27 --> Session: Class initialized using 'CodeIgniter\Session\Handlers\FileHandler' driver.
WARNING - 2023-09-19 00:34:27 --> [DEPRECATED] Function strftime() is deprecated in APPPATH\Controllers\Admin\EvaluacionController.php on line 1428.
 1 SYSTEMPATH\CodeIgniter.php(934): App\Controllers\Admin\EvaluacionController->downloadTeacherReport('23')
 2 SYSTEMPATH\CodeIgniter.php(499): CodeIgniter\CodeIgniter->runController(Object(App\Controllers\Admin\EvaluacionController))
 3 SYSTEMPATH\CodeIgniter.php(368): CodeIgniter\CodeIgniter->handleRequest(null, Object(Config\Cache), false)
 4 FCPATH\index.php(67): CodeIgniter\CodeIgniter->run()
 5 SYSTEMPATH\Commands\Server\rewrite.php(47): require_once('E:\\development\\Proyectos\\UPN212TEZ\\evaldoc_linux\\public\\index.php')
INFO - 2023-09-19 00:34:52 --> Session: Class initialized using 'CodeIgniter\Session\Handlers\FileHandler' driver.
WARNING - 2023-09-19 00:34:52 --> [DEPRECATED] Function strftime() is deprecated in APPPATH\Controllers\Admin\EvaluacionController.php on line 1428.
 1 SYSTEMPATH\CodeIgniter.php(934): App\Controllers\Admin\EvaluacionController->downloadTeacherReport('8')
 2 SYSTEMPATH\CodeIgniter.php(499): CodeIgniter\CodeIgniter->runController(Object(App\Controllers\Admin\EvaluacionController))
 3 SYSTEMPATH\CodeIgniter.php(368): CodeIgniter\CodeIgniter->handleRequest(null, Object(Config\Cache), false)
 4 FCPATH\index.php(67): CodeIgniter\CodeIgniter->run()
 5 SYSTEMPATH\Commands\Server\rewrite.php(47): require_once('E:\\development\\Proyectos\\UPN212TEZ\\evaldoc_linux\\public\\index.php')
INFO - 2023-09-19 00:35:16 --> Session: Class initialized using 'CodeIgniter\Session\Handlers\FileHandler' driver.
INFO - 2023-09-19 00:35:21 --> Session: Class initialized using 'CodeIgniter\Session\Handlers\FileHandler' driver.
WARNING - 2023-09-19 00:35:21 --> [DEPRECATED] Function strftime() is deprecated in APPPATH\Controllers\Admin\EvaluacionController.php on line 1428.
 1 SYSTEMPATH\CodeIgniter.php(934): App\Controllers\Admin\EvaluacionController->downloadTeacherReport('18')
 2 SYSTEMPATH\CodeIgniter.php(499): CodeIgniter\CodeIgniter->runController(Object(App\Controllers\Admin\EvaluacionController))
 3 SYSTEMPATH\CodeIgniter.php(368): CodeIgniter\CodeIgniter->handleRequest(null, Object(Config\Cache), false)
 4 FCPATH\index.php(67): CodeIgniter\CodeIgniter->run()
 5 SYSTEMPATH\Commands\Server\rewrite.php(47): require_once('E:\\development\\Proyectos\\UPN212TEZ\\evaldoc_linux\\public\\index.php')
INFO - 2023-09-19 00:36:19 --> Session: Class initialized using 'CodeIgniter\Session\Handlers\FileHandler' driver.
WARNING - 2023-09-19 00:36:19 --> [DEPRECATED] Function strftime() is deprecated in APPPATH\Controllers\Admin\EvaluacionController.php on line 1428.
 1 SYSTEMPATH\CodeIgniter.php(934): App\Controllers\Admin\EvaluacionController->downloadTeacherReport('20')
 2 SYSTEMPATH\CodeIgniter.php(499): CodeIgniter\CodeIgniter->runController(Object(App\Controllers\Admin\EvaluacionController))
 3 SYSTEMPATH\CodeIgniter.php(368): CodeIgniter\CodeIgniter->handleRequest(null, Object(Config\Cache), false)
 4 FCPATH\index.php(67): CodeIgniter\CodeIgniter->run()
 5 SYSTEMPATH\Commands\Server\rewrite.php(47): require_once('E:\\development\\Proyectos\\UPN212TEZ\\evaldoc_linux\\public\\index.php')
INFO - 2023-09-19 00:36:45 --> Session: Class initialized using 'CodeIgniter\Session\Handlers\FileHandler' driver.
WARNING - 2023-09-19 00:36:45 --> [DEPRECATED] Function strftime() is deprecated in APPPATH\Controllers\Admin\EvaluacionController.php on line 1428.
 1 SYSTEMPATH\CodeIgniter.php(934): App\Controllers\Admin\EvaluacionController->downloadTeacherReport('23')
 2 SYSTEMPATH\CodeIgniter.php(499): CodeIgniter\CodeIgniter->runController(Object(App\Controllers\Admin\EvaluacionController))
 3 SYSTEMPATH\CodeIgniter.php(368): CodeIgniter\CodeIgniter->handleRequest(null, Object(Config\Cache), false)
 4 FCPATH\index.php(67): CodeIgniter\CodeIgniter->run()
 5 SYSTEMPATH\Commands\Server\rewrite.php(47): require_once('E:\\development\\Proyectos\\UPN212TEZ\\evaldoc_linux\\public\\index.php')
INFO - 2023-09-19 00:37:03 --> Session: Class initialized using 'CodeIgniter\Session\Handlers\FileHandler' driver.
WARNING - 2023-09-19 00:37:03 --> [DEPRECATED] Function strftime() is deprecated in APPPATH\Controllers\Admin\EvaluacionController.php on line 1428.
 1 SYSTEMPATH\CodeIgniter.php(934): App\Controllers\Admin\EvaluacionController->downloadTeacherReport('8')
 2 SYSTEMPATH\CodeIgniter.php(499): CodeIgniter\CodeIgniter->runController(Object(App\Controllers\Admin\EvaluacionController))
 3 SYSTEMPATH\CodeIgniter.php(368): CodeIgniter\CodeIgniter->handleRequest(null, Object(Config\Cache), false)
 4 FCPATH\index.php(67): CodeIgniter\CodeIgniter->run()
 5 SYSTEMPATH\Commands\Server\rewrite.php(47): require_once('E:\\development\\Proyectos\\UPN212TEZ\\evaldoc_linux\\public\\index.php')
INFO - 2023-09-19 00:37:24 --> Session: Class initialized using 'CodeIgniter\Session\Handlers\FileHandler' driver.
WARNING - 2023-09-19 00:37:24 --> [DEPRECATED] Function strftime() is deprecated in APPPATH\Controllers\Admin\EvaluacionController.php on line 1428.
 1 SYSTEMPATH\CodeIgniter.php(934): App\Controllers\Admin\EvaluacionController->downloadTeacherReport('18')
 2 SYSTEMPATH\CodeIgniter.php(499): CodeIgniter\CodeIgniter->runController(Object(App\Controllers\Admin\EvaluacionController))
 3 SYSTEMPATH\CodeIgniter.php(368): CodeIgniter\CodeIgniter->handleRequest(null, Object(Config\Cache), false)
 4 FCPATH\index.php(67): CodeIgniter\CodeIgniter->run()
 5 SYSTEMPATH\Commands\Server\rewrite.php(47): require_once('E:\\development\\Proyectos\\UPN212TEZ\\evaldoc_linux\\public\\index.php')
INFO - 2023-09-19 00:37:34 --> Session: Class initialized using 'CodeIgniter\Session\Handlers\FileHandler' driver.
WARNING - 2023-09-19 00:37:34 --> [DEPRECATED] Function strftime() is deprecated in APPPATH\Controllers\Admin\EvaluacionController.php on line 1428.
 1 SYSTEMPATH\CodeIgniter.php(934): App\Controllers\Admin\EvaluacionController->downloadTeacherReport('1')
 2 SYSTEMPATH\CodeIgniter.php(499): CodeIgniter\CodeIgniter->runController(Object(App\Controllers\Admin\EvaluacionController))
 3 SYSTEMPATH\CodeIgniter.php(368): CodeIgniter\CodeIgniter->handleRequest(null, Object(Config\Cache), false)
 4 FCPATH\index.php(67): CodeIgniter\CodeIgniter->run()
 5 SYSTEMPATH\Commands\Server\rewrite.php(47): require_once('E:\\development\\Proyectos\\UPN212TEZ\\evaldoc_linux\\public\\index.php')
INFO - 2023-09-19 00:37:46 --> Session: Class initialized using 'CodeIgniter\Session\Handlers\FileHandler' driver.
WARNING - 2023-09-19 00:37:46 --> [DEPRECATED] Function strftime() is deprecated in APPPATH\Controllers\Admin\EvaluacionController.php on line 1428.
 1 SYSTEMPATH\CodeIgniter.php(934): App\Controllers\Admin\EvaluacionController->downloadTeacherReport('34')
 2 SYSTEMPATH\CodeIgniter.php(499): CodeIgniter\CodeIgniter->runController(Object(App\Controllers\Admin\EvaluacionController))
 3 SYSTEMPATH\CodeIgniter.php(368): CodeIgniter\CodeIgniter->handleRequest(null, Object(Config\Cache), false)
 4 FCPATH\index.php(67): CodeIgniter\CodeIgniter->run()
 5 SYSTEMPATH\Commands\Server\rewrite.php(47): require_once('E:\\development\\Proyectos\\UPN212TEZ\\evaldoc_linux\\public\\index.php')
INFO - 2023-09-19 00:38:29 --> Session: Class initialized using 'CodeIgniter\Session\Handlers\FileHandler' driver.
INFO - 2023-09-19 00:38:37 --> Session: Class initialized using 'CodeIgniter\Session\Handlers\FileHandler' driver.
WARNING - 2023-09-19 00:38:37 --> [DEPRECATED] Function strftime() is deprecated in APPPATH\Controllers\Admin\EvaluacionController.php on line 1428.
 1 SYSTEMPATH\CodeIgniter.php(934): App\Controllers\Admin\EvaluacionController->downloadTeacherReport('31')
 2 SYSTEMPATH\CodeIgniter.php(499): CodeIgniter\CodeIgniter->runController(Object(App\Controllers\Admin\EvaluacionController))
 3 SYSTEMPATH\CodeIgniter.php(368): CodeIgniter\CodeIgniter->handleRequest(null, Object(Config\Cache), false)
 4 FCPATH\index.php(67): CodeIgniter\CodeIgniter->run()
 5 SYSTEMPATH\Commands\Server\rewrite.php(47): require_once('E:\\development\\Proyectos\\UPN212TEZ\\evaldoc_linux\\public\\index.php')
INFO - 2023-09-19 00:38:49 --> Session: Class initialized using 'CodeIgniter\Session\Handlers\FileHandler' driver.
WARNING - 2023-09-19 00:38:49 --> [DEPRECATED] Function strftime() is deprecated in APPPATH\Controllers\Admin\EvaluacionController.php on line 1428.
 1 SYSTEMPATH\CodeIgniter.php(934): App\Controllers\Admin\EvaluacionController->downloadTeacherReport('30')
 2 SYSTEMPATH\CodeIgniter.php(499): CodeIgniter\CodeIgniter->runController(Object(App\Controllers\Admin\EvaluacionController))
 3 SYSTEMPATH\CodeIgniter.php(368): CodeIgniter\CodeIgniter->handleRequest(null, Object(Config\Cache), false)
 4 FCPATH\index.php(67): CodeIgniter\CodeIgniter->run()
 5 SYSTEMPATH\Commands\Server\rewrite.php(47): require_once('E:\\development\\Proyectos\\UPN212TEZ\\evaldoc_linux\\public\\index.php')
INFO - 2023-09-19 00:39:00 --> Session: Class initialized using 'CodeIgniter\Session\Handlers\FileHandler' driver.
WARNING - 2023-09-19 00:39:01 --> [DEPRECATED] Function strftime() is deprecated in APPPATH\Controllers\Admin\EvaluacionController.php on line 1428.
 1 SYSTEMPATH\CodeIgniter.php(934): App\Controllers\Admin\EvaluacionController->downloadTeacherReport('33')
 2 SYSTEMPATH\CodeIgniter.php(499): CodeIgniter\CodeIgniter->runController(Object(App\Controllers\Admin\EvaluacionController))
 3 SYSTEMPATH\CodeIgniter.php(368): CodeIgniter\CodeIgniter->handleRequest(null, Object(Config\Cache), false)
 4 FCPATH\index.php(67): CodeIgniter\CodeIgniter->run()
 5 SYSTEMPATH\Commands\Server\rewrite.php(47): require_once('E:\\development\\Proyectos\\UPN212TEZ\\evaldoc_linux\\public\\index.php')
INFO - 2023-09-19 00:39:28 --> Session: Class initialized using 'CodeIgniter\Session\Handlers\FileHandler' driver.
WARNING - 2023-09-19 00:39:28 --> [DEPRECATED] Function strftime() is deprecated in APPPATH\Controllers\Admin\EvaluacionController.php on line 1428.
 1 SYSTEMPATH\CodeIgniter.php(934): App\Controllers\Admin\EvaluacionController->downloadTeacherReport('1')
 2 SYSTEMPATH\CodeIgniter.php(499): CodeIgniter\CodeIgniter->runController(Object(App\Controllers\Admin\EvaluacionController))
 3 SYSTEMPATH\CodeIgniter.php(368): CodeIgniter\CodeIgniter->handleRequest(null, Object(Config\Cache), false)
 4 FCPATH\index.php(67): CodeIgniter\CodeIgniter->run()
 5 SYSTEMPATH\Commands\Server\rewrite.php(47): require_once('E:\\development\\Proyectos\\UPN212TEZ\\evaldoc_linux\\public\\index.php')
INFO - 2023-09-19 00:40:12 --> Session: Class initialized using 'CodeIgniter\Session\Handlers\FileHandler' driver.
WARNING - 2023-09-19 00:40:12 --> [DEPRECATED] Function strftime() is deprecated in APPPATH\Controllers\Admin\EvaluacionController.php on line 1428.
 1 SYSTEMPATH\CodeIgniter.php(934): App\Controllers\Admin\EvaluacionController->downloadTeacherReport('20')
 2 SYSTEMPATH\CodeIgniter.php(499): CodeIgniter\CodeIgniter->runController(Object(App\Controllers\Admin\EvaluacionController))
 3 SYSTEMPATH\CodeIgniter.php(368): CodeIgniter\CodeIgniter->handleRequest(null, Object(Config\Cache), false)
 4 FCPATH\index.php(67): CodeIgniter\CodeIgniter->run()
 5 SYSTEMPATH\Commands\Server\rewrite.php(47): require_once('E:\\development\\Proyectos\\UPN212TEZ\\evaldoc_linux\\public\\index.php')
INFO - 2023-09-19 00:40:28 --> Session: Class initialized using 'CodeIgniter\Session\Handlers\FileHandler' driver.
WARNING - 2023-09-19 00:40:28 --> [DEPRECATED] Function strftime() is deprecated in APPPATH\Controllers\Admin\EvaluacionController.php on line 1428.
 1 SYSTEMPATH\CodeIgniter.php(934): App\Controllers\Admin\EvaluacionController->downloadTeacherReport('23')
 2 SYSTEMPATH\CodeIgniter.php(499): CodeIgniter\CodeIgniter->runController(Object(App\Controllers\Admin\EvaluacionController))
 3 SYSTEMPATH\CodeIgniter.php(368): CodeIgniter\CodeIgniter->handleRequest(null, Object(Config\Cache), false)
 4 FCPATH\index.php(67): CodeIgniter\CodeIgniter->run()
 5 SYSTEMPATH\Commands\Server\rewrite.php(47): require_once('E:\\development\\Proyectos\\UPN212TEZ\\evaldoc_linux\\public\\index.php')
INFO - 2023-09-19 00:40:55 --> Session: Class initialized using 'CodeIgniter\Session\Handlers\FileHandler' driver.
WARNING - 2023-09-19 00:40:56 --> [DEPRECATED] Function strftime() is deprecated in APPPATH\Controllers\Admin\EvaluacionController.php on line 1428.
 1 SYSTEMPATH\CodeIgniter.php(934): App\Controllers\Admin\EvaluacionController->downloadTeacherReport('23')
 2 SYSTEMPATH\CodeIgniter.php(499): CodeIgniter\CodeIgniter->runController(Object(App\Controllers\Admin\EvaluacionController))
 3 SYSTEMPATH\CodeIgniter.php(368): CodeIgniter\CodeIgniter->handleRequest(null, Object(Config\Cache), false)
 4 FCPATH\index.php(67): CodeIgniter\CodeIgniter->run()
 5 SYSTEMPATH\Commands\Server\rewrite.php(47): require_once('E:\\development\\Proyectos\\UPN212TEZ\\evaldoc_linux\\public\\index.php')
INFO - 2023-09-19 00:41:26 --> Session: Class initialized using 'CodeIgniter\Session\Handlers\FileHandler' driver.
WARNING - 2023-09-19 00:41:26 --> [DEPRECATED] Function strftime() is deprecated in APPPATH\Controllers\Admin\EvaluacionController.php on line 1428.
 1 SYSTEMPATH\CodeIgniter.php(934): App\Controllers\Admin\EvaluacionController->downloadTeacherReport('20')
 2 SYSTEMPATH\CodeIgniter.php(499): CodeIgniter\CodeIgniter->runController(Object(App\Controllers\Admin\EvaluacionController))
 3 SYSTEMPATH\CodeIgniter.php(368): CodeIgniter\CodeIgniter->handleRequest(null, Object(Config\Cache), false)
 4 FCPATH\index.php(67): CodeIgniter\CodeIgniter->run()
 5 SYSTEMPATH\Commands\Server\rewrite.php(47): require_once('E:\\development\\Proyectos\\UPN212TEZ\\evaldoc_linux\\public\\index.php')
INFO - 2023-09-19 00:43:00 --> Session: Class initialized using 'CodeIgniter\Session\Handlers\FileHandler' driver.
WARNING - 2023-09-19 00:43:00 --> [DEPRECATED] Function strftime() is deprecated in APPPATH\Controllers\Admin\EvaluacionController.php on line 1428.
 1 SYSTEMPATH\CodeIgniter.php(934): App\Controllers\Admin\EvaluacionController->downloadTeacherReport('1')
 2 SYSTEMPATH\CodeIgniter.php(499): CodeIgniter\CodeIgniter->runController(Object(App\Controllers\Admin\EvaluacionController))
 3 SYSTEMPATH\CodeIgniter.php(368): CodeIgniter\CodeIgniter->handleRequest(null, Object(Config\Cache), false)
 4 FCPATH\index.php(67): CodeIgniter\CodeIgniter->run()
 5 SYSTEMPATH\Commands\Server\rewrite.php(47): require_once('E:\\development\\Proyectos\\UPN212TEZ\\evaldoc_linux\\public\\index.php')
INFO - 2023-09-19 00:43:18 --> Session: Class initialized using 'CodeIgniter\Session\Handlers\FileHandler' driver.
WARNING - 2023-09-19 00:43:19 --> [DEPRECATED] Function strftime() is deprecated in APPPATH\Controllers\Admin\EvaluacionController.php on line 1428.
 1 SYSTEMPATH\CodeIgniter.php(934): App\Controllers\Admin\EvaluacionController->downloadTeacherReport('20')
 2 SYSTEMPATH\CodeIgniter.php(499): CodeIgniter\CodeIgniter->runController(Object(App\Controllers\Admin\EvaluacionController))
 3 SYSTEMPATH\CodeIgniter.php(368): CodeIgniter\CodeIgniter->handleRequest(null, Object(Config\Cache), false)
 4 FCPATH\index.php(67): CodeIgniter\CodeIgniter->run()
 5 SYSTEMPATH\Commands\Server\rewrite.php(47): require_once('E:\\development\\Proyectos\\UPN212TEZ\\evaldoc_linux\\public\\index.php')
INFO - 2023-09-19 00:43:43 --> Session: Class initialized using 'CodeIgniter\Session\Handlers\FileHandler' driver.
WARNING - 2023-09-19 00:43:43 --> [DEPRECATED] Function strftime() is deprecated in APPPATH\Controllers\Admin\EvaluacionController.php on line 1428.
 1 SYSTEMPATH\CodeIgniter.php(934): App\Controllers\Admin\EvaluacionController->downloadTeacherReport('8')
 2 SYSTEMPATH\CodeIgniter.php(499): CodeIgniter\CodeIgniter->runController(Object(App\Controllers\Admin\EvaluacionController))
 3 SYSTEMPATH\CodeIgniter.php(368): CodeIgniter\CodeIgniter->handleRequest(null, Object(Config\Cache), false)
 4 FCPATH\index.php(67): CodeIgniter\CodeIgniter->run()
 5 SYSTEMPATH\Commands\Server\rewrite.php(47): require_once('E:\\development\\Proyectos\\UPN212TEZ\\evaldoc_linux\\public\\index.php')
INFO - 2023-09-19 00:43:59 --> Session: Class initialized using 'CodeIgniter\Session\Handlers\FileHandler' driver.
WARNING - 2023-09-19 00:43:59 --> [DEPRECATED] Function strftime() is deprecated in APPPATH\Controllers\Admin\EvaluacionController.php on line 1428.
 1 SYSTEMPATH\CodeIgniter.php(934): App\Controllers\Admin\EvaluacionController->downloadTeacherReport('1')
 2 SYSTEMPATH\CodeIgniter.php(499): CodeIgniter\CodeIgniter->runController(Object(App\Controllers\Admin\EvaluacionController))
 3 SYSTEMPATH\CodeIgniter.php(368): CodeIgniter\CodeIgniter->handleRequest(null, Object(Config\Cache), false)
 4 FCPATH\index.php(67): CodeIgniter\CodeIgniter->run()
 5 SYSTEMPATH\Commands\Server\rewrite.php(47): require_once('E:\\development\\Proyectos\\UPN212TEZ\\evaldoc_linux\\public\\index.php')
INFO - 2023-09-19 00:44:20 --> Session: Class initialized using 'CodeIgniter\Session\Handlers\FileHandler' driver.
WARNING - 2023-09-19 00:44:20 --> [DEPRECATED] Function strftime() is deprecated in APPPATH\Controllers\Admin\EvaluacionController.php on line 1428.
 1 SYSTEMPATH\CodeIgniter.php(934): App\Controllers\Admin\EvaluacionController->downloadTeacherReport('20')
 2 SYSTEMPATH\CodeIgniter.php(499): CodeIgniter\CodeIgniter->runController(Object(App\Controllers\Admin\EvaluacionController))
 3 SYSTEMPATH\CodeIgniter.php(368): CodeIgniter\CodeIgniter->handleRequest(null, Object(Config\Cache), false)
 4 FCPATH\index.php(67): CodeIgniter\CodeIgniter->run()
 5 SYSTEMPATH\Commands\Server\rewrite.php(47): require_once('E:\\development\\Proyectos\\UPN212TEZ\\evaldoc_linux\\public\\index.php')
INFO - 2023-09-19 00:44:40 --> Session: Class initialized using 'CodeIgniter\Session\Handlers\FileHandler' driver.
WARNING - 2023-09-19 00:44:40 --> [DEPRECATED] Function strftime() is deprecated in APPPATH\Controllers\Admin\EvaluacionController.php on line 1428.
 1 SYSTEMPATH\CodeIgniter.php(934): App\Controllers\Admin\EvaluacionController->downloadTeacherReport('8')
 2 SYSTEMPATH\CodeIgniter.php(499): CodeIgniter\CodeIgniter->runController(Object(App\Controllers\Admin\EvaluacionController))
 3 SYSTEMPATH\CodeIgniter.php(368): CodeIgniter\CodeIgniter->handleRequest(null, Object(Config\Cache), false)
 4 FCPATH\index.php(67): CodeIgniter\CodeIgniter->run()
 5 SYSTEMPATH\Commands\Server\rewrite.php(47): require_once('E:\\development\\Proyectos\\UPN212TEZ\\evaldoc_linux\\public\\index.php')
INFO - 2023-09-19 00:44:56 --> Session: Class initialized using 'CodeIgniter\Session\Handlers\FileHandler' driver.
WARNING - 2023-09-19 00:44:56 --> [DEPRECATED] Function strftime() is deprecated in APPPATH\Controllers\Admin\EvaluacionController.php on line 1428.
 1 SYSTEMPATH\CodeIgniter.php(934): App\Controllers\Admin\EvaluacionController->downloadTeacherReport('18')
 2 SYSTEMPATH\CodeIgniter.php(499): CodeIgniter\CodeIgniter->runController(Object(App\Controllers\Admin\EvaluacionController))
 3 SYSTEMPATH\CodeIgniter.php(368): CodeIgniter\CodeIgniter->handleRequest(null, Object(Config\Cache), false)
 4 FCPATH\index.php(67): CodeIgniter\CodeIgniter->run()
 5 SYSTEMPATH\Commands\Server\rewrite.php(47): require_once('E:\\development\\Proyectos\\UPN212TEZ\\evaldoc_linux\\public\\index.php')
INFO - 2023-09-19 00:45:21 --> Session: Class initialized using 'CodeIgniter\Session\Handlers\FileHandler' driver.
WARNING - 2023-09-19 00:45:21 --> [DEPRECATED] Function strftime() is deprecated in APPPATH\Controllers\Admin\EvaluacionController.php on line 1428.
 1 SYSTEMPATH\CodeIgniter.php(934): App\Controllers\Admin\EvaluacionController->downloadTeacherReport('34')
 2 SYSTEMPATH\CodeIgniter.php(499): CodeIgniter\CodeIgniter->runController(Object(App\Controllers\Admin\EvaluacionController))
 3 SYSTEMPATH\CodeIgniter.php(368): CodeIgniter\CodeIgniter->handleRequest(null, Object(Config\Cache), false)
 4 FCPATH\index.php(67): CodeIgniter\CodeIgniter->run()
 5 SYSTEMPATH\Commands\Server\rewrite.php(47): require_once('E:\\development\\Proyectos\\UPN212TEZ\\evaldoc_linux\\public\\index.php')
INFO - 2023-09-19 00:45:40 --> Session: Class initialized using 'CodeIgniter\Session\Handlers\FileHandler' driver.
WARNING - 2023-09-19 00:45:40 --> [DEPRECATED] Function strftime() is deprecated in APPPATH\Controllers\Admin\EvaluacionController.php on line 1428.
 1 SYSTEMPATH\CodeIgniter.php(934): App\Controllers\Admin\EvaluacionController->downloadTeacherReport('31')
 2 SYSTEMPATH\CodeIgniter.php(499): CodeIgniter\CodeIgniter->runController(Object(App\Controllers\Admin\EvaluacionController))
 3 SYSTEMPATH\CodeIgniter.php(368): CodeIgniter\CodeIgniter->handleRequest(null, Object(Config\Cache), false)
 4 FCPATH\index.php(67): CodeIgniter\CodeIgniter->run()
 5 SYSTEMPATH\Commands\Server\rewrite.php(47): require_once('E:\\development\\Proyectos\\UPN212TEZ\\evaldoc_linux\\public\\index.php')
INFO - 2023-09-19 00:45:55 --> Session: Class initialized using 'CodeIgniter\Session\Handlers\FileHandler' driver.
WARNING - 2023-09-19 00:45:55 --> [DEPRECATED] Function strftime() is deprecated in APPPATH\Controllers\Admin\EvaluacionController.php on line 1428.
 1 SYSTEMPATH\CodeIgniter.php(934): App\Controllers\Admin\EvaluacionController->downloadTeacherReport('30')
 2 SYSTEMPATH\CodeIgniter.php(499): CodeIgniter\CodeIgniter->runController(Object(App\Controllers\Admin\EvaluacionController))
 3 SYSTEMPATH\CodeIgniter.php(368): CodeIgniter\CodeIgniter->handleRequest(null, Object(Config\Cache), false)
 4 FCPATH\index.php(67): CodeIgniter\CodeIgniter->run()
 5 SYSTEMPATH\Commands\Server\rewrite.php(47): require_once('E:\\development\\Proyectos\\UPN212TEZ\\evaldoc_linux\\public\\index.php')
INFO - 2023-09-19 00:46:10 --> Session: Class initialized using 'CodeIgniter\Session\Handlers\FileHandler' driver.
WARNING - 2023-09-19 00:46:10 --> [DEPRECATED] Function strftime() is deprecated in APPPATH\Controllers\Admin\EvaluacionController.php on line 1428.
 1 SYSTEMPATH\CodeIgniter.php(934): App\Controllers\Admin\EvaluacionController->downloadTeacherReport('33')
 2 SYSTEMPATH\CodeIgniter.php(499): CodeIgniter\CodeIgniter->runController(Object(App\Controllers\Admin\EvaluacionController))
 3 SYSTEMPATH\CodeIgniter.php(368): CodeIgniter\CodeIgniter->handleRequest(null, Object(Config\Cache), false)
 4 FCPATH\index.php(67): CodeIgniter\CodeIgniter->run()
 5 SYSTEMPATH\Commands\Server\rewrite.php(47): require_once('E:\\development\\Proyectos\\UPN212TEZ\\evaldoc_linux\\public\\index.php')
INFO - 2023-09-19 00:46:22 --> Session: Class initialized using 'CodeIgniter\Session\Handlers\FileHandler' driver.
WARNING - 2023-09-19 00:46:22 --> [DEPRECATED] Function strftime() is deprecated in APPPATH\Controllers\Admin\EvaluacionController.php on line 1428.
 1 SYSTEMPATH\CodeIgniter.php(934): App\Controllers\Admin\EvaluacionController->downloadTeacherReport('142')
 2 SYSTEMPATH\CodeIgniter.php(499): CodeIgniter\CodeIgniter->runController(Object(App\Controllers\Admin\EvaluacionController))
 3 SYSTEMPATH\CodeIgniter.php(368): CodeIgniter\CodeIgniter->handleRequest(null, Object(Config\Cache), false)
 4 FCPATH\index.php(67): CodeIgniter\CodeIgniter->run()
 5 SYSTEMPATH\Commands\Server\rewrite.php(47): require_once('E:\\development\\Proyectos\\UPN212TEZ\\evaldoc_linux\\public\\index.php')
INFO - 2023-09-19 00:46:43 --> Session: Class initialized using 'CodeIgniter\Session\Handlers\FileHandler' driver.
WARNING - 2023-09-19 00:46:43 --> [DEPRECATED] Function strftime() is deprecated in APPPATH\Controllers\Admin\EvaluacionController.php on line 1428.
 1 SYSTEMPATH\CodeIgniter.php(934): App\Controllers\Admin\EvaluacionController->downloadTeacherReport('1')
 2 SYSTEMPATH\CodeIgniter.php(499): CodeIgniter\CodeIgniter->runController(Object(App\Controllers\Admin\EvaluacionController))
 3 SYSTEMPATH\CodeIgniter.php(368): CodeIgniter\CodeIgniter->handleRequest(null, Object(Config\Cache), false)
 4 FCPATH\index.php(67): CodeIgniter\CodeIgniter->run()
 5 SYSTEMPATH\Commands\Server\rewrite.php(47): require_once('E:\\development\\Proyectos\\UPN212TEZ\\evaldoc_linux\\public\\index.php')
INFO - 2023-09-19 00:46:57 --> Session: Class initialized using 'CodeIgniter\Session\Handlers\FileHandler' driver.
WARNING - 2023-09-19 00:46:58 --> [DEPRECATED] Function strftime() is deprecated in APPPATH\Controllers\Admin\EvaluacionController.php on line 1428.
 1 SYSTEMPATH\CodeIgniter.php(934): App\Controllers\Admin\EvaluacionController->downloadTeacherReport('20')
 2 SYSTEMPATH\CodeIgniter.php(499): CodeIgniter\CodeIgniter->runController(Object(App\Controllers\Admin\EvaluacionController))
 3 SYSTEMPATH\CodeIgniter.php(368): CodeIgniter\CodeIgniter->handleRequest(null, Object(Config\Cache), false)
 4 FCPATH\index.php(67): CodeIgniter\CodeIgniter->run()
 5 SYSTEMPATH\Commands\Server\rewrite.php(47): require_once('E:\\development\\Proyectos\\UPN212TEZ\\evaldoc_linux\\public\\index.php')
INFO - 2023-09-19 00:47:17 --> Session: Class initialized using 'CodeIgniter\Session\Handlers\FileHandler' driver.
WARNING - 2023-09-19 00:47:18 --> [DEPRECATED] Function strftime() is deprecated in APPPATH\Controllers\Admin\EvaluacionController.php on line 1428.
 1 SYSTEMPATH\CodeIgniter.php(934): App\Controllers\Admin\EvaluacionController->downloadTeacherReport('8')
 2 SYSTEMPATH\CodeIgniter.php(499): CodeIgniter\CodeIgniter->runController(Object(App\Controllers\Admin\EvaluacionController))
 3 SYSTEMPATH\CodeIgniter.php(368): CodeIgniter\CodeIgniter->handleRequest(null, Object(Config\Cache), false)
 4 FCPATH\index.php(67): CodeIgniter\CodeIgniter->run()
 5 SYSTEMPATH\Commands\Server\rewrite.php(47): require_once('E:\\development\\Proyectos\\UPN212TEZ\\evaldoc_linux\\public\\index.php')
INFO - 2023-09-19 00:47:30 --> Session: Class initialized using 'CodeIgniter\Session\Handlers\FileHandler' driver.
WARNING - 2023-09-19 00:47:30 --> [DEPRECATED] Function strftime() is deprecated in APPPATH\Controllers\Admin\EvaluacionController.php on line 1428.
 1 SYSTEMPATH\CodeIgniter.php(934): App\Controllers\Admin\EvaluacionController->downloadTeacherReport('18')
 2 SYSTEMPATH\CodeIgniter.php(499): CodeIgniter\CodeIgniter->runController(Object(App\Controllers\Admin\EvaluacionController))
 3 SYSTEMPATH\CodeIgniter.php(368): CodeIgniter\CodeIgniter->handleRequest(null, Object(Config\Cache), false)
 4 FCPATH\index.php(67): CodeIgniter\CodeIgniter->run()
 5 SYSTEMPATH\Commands\Server\rewrite.php(47): require_once('E:\\development\\Proyectos\\UPN212TEZ\\evaldoc_linux\\public\\index.php')
INFO - 2023-09-19 00:48:15 --> Session: Class initialized using 'CodeIgniter\Session\Handlers\FileHandler' driver.
WARNING - 2023-09-19 00:48:16 --> [DEPRECATED] Function strftime() is deprecated in APPPATH\Controllers\Admin\EvaluacionController.php on line 1428.
 1 SYSTEMPATH\CodeIgniter.php(934): App\Controllers\Admin\EvaluacionController->downloadTeacherReport('31')
 2 SYSTEMPATH\CodeIgniter.php(499): CodeIgniter\CodeIgniter->runController(Object(App\Controllers\Admin\EvaluacionController))
 3 SYSTEMPATH\CodeIgniter.php(368): CodeIgniter\CodeIgniter->handleRequest(null, Object(Config\Cache), false)
 4 FCPATH\index.php(67): CodeIgniter\CodeIgniter->run()
 5 SYSTEMPATH\Commands\Server\rewrite.php(47): require_once('E:\\development\\Proyectos\\UPN212TEZ\\evaldoc_linux\\public\\index.php')
INFO - 2023-09-19 00:48:41 --> Session: Class initialized using 'CodeIgniter\Session\Handlers\FileHandler' driver.
WARNING - 2023-09-19 00:48:41 --> [DEPRECATED] Function strftime() is deprecated in APPPATH\Controllers\Admin\EvaluacionController.php on line 1428.
 1 SYSTEMPATH\CodeIgniter.php(934): App\Controllers\Admin\EvaluacionController->downloadTeacherReport('30')
 2 SYSTEMPATH\CodeIgniter.php(499): CodeIgniter\CodeIgniter->runController(Object(App\Controllers\Admin\EvaluacionController))
 3 SYSTEMPATH\CodeIgniter.php(368): CodeIgniter\CodeIgniter->handleRequest(null, Object(Config\Cache), false)
 4 FCPATH\index.php(67): CodeIgniter\CodeIgniter->run()
 5 SYSTEMPATH\Commands\Server\rewrite.php(47): require_once('E:\\development\\Proyectos\\UPN212TEZ\\evaldoc_linux\\public\\index.php')
INFO - 2023-09-19 00:48:58 --> Session: Class initialized using 'CodeIgniter\Session\Handlers\FileHandler' driver.
WARNING - 2023-09-19 00:48:58 --> [DEPRECATED] Function strftime() is deprecated in APPPATH\Controllers\Admin\EvaluacionController.php on line 1428.
 1 SYSTEMPATH\CodeIgniter.php(934): App\Controllers\Admin\EvaluacionController->downloadTeacherReport('33')
 2 SYSTEMPATH\CodeIgniter.php(499): CodeIgniter\CodeIgniter->runController(Object(App\Controllers\Admin\EvaluacionController))
 3 SYSTEMPATH\CodeIgniter.php(368): CodeIgniter\CodeIgniter->handleRequest(null, Object(Config\Cache), false)
 4 FCPATH\index.php(67): CodeIgniter\CodeIgniter->run()
 5 SYSTEMPATH\Commands\Server\rewrite.php(47): require_once('E:\\development\\Proyectos\\UPN212TEZ\\evaldoc_linux\\public\\index.php')
INFO - 2023-09-19 00:49:24 --> Session: Class initialized using 'CodeIgniter\Session\Handlers\FileHandler' driver.
WARNING - 2023-09-19 00:49:24 --> [DEPRECATED] Function strftime() is deprecated in APPPATH\Controllers\Admin\EvaluacionController.php on line 1428.
 1 SYSTEMPATH\CodeIgniter.php(934): App\Controllers\Admin\EvaluacionController->downloadTeacherReport('1')
 2 SYSTEMPATH\CodeIgniter.php(499): CodeIgniter\CodeIgniter->runController(Object(App\Controllers\Admin\EvaluacionController))
 3 SYSTEMPATH\CodeIgniter.php(368): CodeIgniter\CodeIgniter->handleRequest(null, Object(Config\Cache), false)
 4 FCPATH\index.php(67): CodeIgniter\CodeIgniter->run()
 5 SYSTEMPATH\Commands\Server\rewrite.php(47): require_once('E:\\development\\Proyectos\\UPN212TEZ\\evaldoc_linux\\public\\index.php')
INFO - 2023-09-19 00:49:41 --> Session: Class initialized using 'CodeIgniter\Session\Handlers\FileHandler' driver.
WARNING - 2023-09-19 00:49:41 --> [DEPRECATED] Function strftime() is deprecated in APPPATH\Controllers\Admin\EvaluacionController.php on line 1428.
 1 SYSTEMPATH\CodeIgniter.php(934): App\Controllers\Admin\EvaluacionController->downloadTeacherReport('1')
 2 SYSTEMPATH\CodeIgniter.php(499): CodeIgniter\CodeIgniter->runController(Object(App\Controllers\Admin\EvaluacionController))
 3 SYSTEMPATH\CodeIgniter.php(368): CodeIgniter\CodeIgniter->handleRequest(null, Object(Config\Cache), false)
 4 FCPATH\index.php(67): CodeIgniter\CodeIgniter->run()
 5 SYSTEMPATH\Commands\Server\rewrite.php(47): require_once('E:\\development\\Proyectos\\UPN212TEZ\\evaldoc_linux\\public\\index.php')
INFO - 2023-09-19 00:49:54 --> Session: Class initialized using 'CodeIgniter\Session\Handlers\FileHandler' driver.
WARNING - 2023-09-19 00:49:54 --> [DEPRECATED] Function strftime() is deprecated in APPPATH\Controllers\Admin\EvaluacionController.php on line 1428.
 1 SYSTEMPATH\CodeIgniter.php(934): App\Controllers\Admin\EvaluacionController->downloadTeacherReport('2')
 2 SYSTEMPATH\CodeIgniter.php(499): CodeIgniter\CodeIgniter->runController(Object(App\Controllers\Admin\EvaluacionController))
 3 SYSTEMPATH\CodeIgniter.php(368): CodeIgniter\CodeIgniter->handleRequest(null, Object(Config\Cache), false)
 4 FCPATH\index.php(67): CodeIgniter\CodeIgniter->run()
 5 SYSTEMPATH\Commands\Server\rewrite.php(47): require_once('E:\\development\\Proyectos\\UPN212TEZ\\evaldoc_linux\\public\\index.php')
INFO - 2023-09-19 00:50:31 --> Session: Class initialized using 'CodeIgniter\Session\Handlers\FileHandler' driver.
WARNING - 2023-09-19 00:50:31 --> [DEPRECATED] Function strftime() is deprecated in APPPATH\Controllers\Admin\EvaluacionController.php on line 1428.
 1 SYSTEMPATH\CodeIgniter.php(934): App\Controllers\Admin\EvaluacionController->downloadTeacherReport('5')
 2 SYSTEMPATH\CodeIgniter.php(499): CodeIgniter\CodeIgniter->runController(Object(App\Controllers\Admin\EvaluacionController))
 3 SYSTEMPATH\CodeIgniter.php(368): CodeIgniter\CodeIgniter->handleRequest(null, Object(Config\Cache), false)
 4 FCPATH\index.php(67): CodeIgniter\CodeIgniter->run()
 5 SYSTEMPATH\Commands\Server\rewrite.php(47): require_once('E:\\development\\Proyectos\\UPN212TEZ\\evaldoc_linux\\public\\index.php')
