INFO - 2023-09-13 20:28:39 --> Session: Class initialized using 'CodeIgniter\Session\Handlers\FileHandler' driver.
INFO - 2023-09-13 20:28:42 --> Session: Class initialized using 'CodeIgniter\Session\Handlers\FileHandler' driver.
INFO - 2023-09-13 20:28:42 --> Session: Class initialized using 'CodeIgniter\Session\Handlers\FileHandler' driver.
INFO - 2023-09-13 20:28:47 --> Session: Class initialized using 'CodeIgniter\Session\Handlers\FileHandler' driver.
INFO - 2023-09-13 20:29:24 --> Session: Class initialized using 'CodeIgniter\Session\Handlers\FileHandler' driver.
INFO - 2023-09-13 20:30:02 --> Session: Class initialized using 'CodeIgniter\Session\Handlers\FileHandler' driver.
INFO - 2023-09-13 20:44:08 --> Session: Class initialized using 'CodeIgniter\Session\Handlers\FileHandler' driver.
CRITICAL - 2023-09-13 20:44:08 --> Undefined array key "pregunta1"
in APPPATH/Views/evaluacion/resultados.php on line 41.
 1 APPPATH/Views/evaluacion/resultados.php(41): CodeIgniter\Debug\Exceptions->errorHandler()
 2 SYSTEMPATH/View/View.php(213): include('/media/degante/DEVELOPMENT/development/Proyectos/UPN212TEZ/evaldoc_linux/app/Views/evaluacion/resultados.php')
 3 SYSTEMPATH/View/View.php(216): CodeIgniter\View\View->CodeIgniter\View\{closure}()
 4 SYSTEMPATH/Common.php(1184): CodeIgniter\View\View->render()
 5 APPPATH/Controllers/Admin/EvaluacionController.php(125): view()
 6 SYSTEMPATH/CodeIgniter.php(934): App\Controllers\Admin\EvaluacionController->resultados()
 7 SYSTEMPATH/CodeIgniter.php(499): CodeIgniter\CodeIgniter->runController()
 8 SYSTEMPATH/CodeIgniter.php(368): CodeIgniter\CodeIgniter->handleRequest()
 9 FCPATH/index.php(67): CodeIgniter\CodeIgniter->run()
10 SYSTEMPATH/Commands/Server/rewrite.php(47): require_once('/media/degante/DEVELOPMENT/development/Proyectos/UPN212TEZ/evaldoc_linux/public/index.php')
INFO - 2023-09-13 20:44:42 --> Session: Class initialized using 'CodeIgniter\Session\Handlers\FileHandler' driver.
CRITICAL - 2023-09-13 20:44:42 --> Attempt to read property "pregunta1" on array
in APPPATH/Views/evaluacion/resultados.php on line 41.
 1 APPPATH/Views/evaluacion/resultados.php(41): CodeIgniter\Debug\Exceptions->errorHandler()
 2 SYSTEMPATH/View/View.php(213): include('/media/degante/DEVELOPMENT/development/Proyectos/UPN212TEZ/evaldoc_linux/app/Views/evaluacion/resultados.php')
 3 SYSTEMPATH/View/View.php(216): CodeIgniter\View\View->CodeIgniter\View\{closure}()
 4 SYSTEMPATH/Common.php(1184): CodeIgniter\View\View->render()
 5 APPPATH/Controllers/Admin/EvaluacionController.php(125): view()
 6 SYSTEMPATH/CodeIgniter.php(934): App\Controllers\Admin\EvaluacionController->resultados()
 7 SYSTEMPATH/CodeIgniter.php(499): CodeIgniter\CodeIgniter->runController()
 8 SYSTEMPATH/CodeIgniter.php(368): CodeIgniter\CodeIgniter->handleRequest()
 9 FCPATH/index.php(67): CodeIgniter\CodeIgniter->run()
10 SYSTEMPATH/Commands/Server/rewrite.php(47): require_once('/media/degante/DEVELOPMENT/development/Proyectos/UPN212TEZ/evaldoc_linux/public/index.php')
